<?xml version="1.0" encoding="UTF-8"?>
<testsuite xmlns:xsi="http://www.w3.org/2001/XMLSchema-instance" xsi:noNamespaceSchemaLocation="https://maven.apache.org/surefire/maven-surefire-plugin/xsd/surefire-test-report-3.0.xsd" version="3.0" name="com.emoney.finance.emx.SimConfigAllTest" time="0.692" tests="1" errors="0" skipped="0" failures="0">
  <properties>
[...]
</properties>
  <testcase name="test" classname="com.emoney.finance.emx.SimConfigAllTest" time="0.691">
    <system-out><![CDATA[pds.getName(): class
pds.getName(): field1
pds.getName(): field2
pds.getName(): field3
pds.getName(): simConfig
pds.getName(): simConfig1
pds.getName(): simConfig10
pds.getName(): simConfig2
pds.getName(): simConfig3
pds.getName(): simConfig4
pds.getName(): simConfig5
pds.getName(): simConfig6
pds.getName(): simConfig7
pds.getName(): simConfig8
pds.getName(): simConfig9
pds.getName(): state
pds.getName(): systemConfig
pds.getName(): class
pds.getName(): field1
pds.getName(): field2
pds.getName(): field3
pds.getName(): simConfig
pds.getName(): simConfig1
pds.getName(): simConfig10
pds.getName(): simConfig2
pds.getName(): simConfig3
pds.getName(): simConfig4
pds.getName(): simConfig5
pds.getName(): simConfig6
pds.getName(): simConfig7
pds.getName(): simConfig8
pds.getName(): simConfig9
pds.getName(): state
pds.getName(): systemConfig
pds.getName(): class
pds.getName(): field1
pds.getName(): field2
pds.getName(): field3
pds.getName(): simConfig
pds.getName(): simConfig1
pds.getName(): simConfig10
pds.getName(): simConfig2
pds.getName(): simConfig3
pds.getName(): simConfig4
pds.getName(): simConfig5
pds.getName(): simConfig6
pds.getName(): simConfig7
pds.getName(): simConfig8
pds.getName(): simConfig9
pds.getName(): state
pds.getName(): systemConfig
pds.getName(): class
pds.getName(): field1
pds.getName(): field2
pds.getName(): field3
pds.getName(): simConfig
pds.getName(): simConfig1
pds.getName(): simConfig10
pds.getName(): simConfig2
pds.getName(): simConfig3
pds.getName(): simConfig4
pds.getName(): simConfig5
pds.getName(): simConfig6
pds.getName(): simConfig7
pds.getName(): simConfig8
pds.getName(): simConfig9
pds.getName(): state
pds.getName(): systemConfig
pds.getName(): class
pds.getName(): field1
pds.getName(): field2
pds.getName(): field3
pds.getName(): simConfig
pds.getName(): simConfig1
pds.getName(): simConfig10
pds.getName(): simConfig2
pds.getName(): simConfig3
pds.getName(): simConfig4
pds.getName(): simConfig5
pds.getName(): simConfig6
pds.getName(): simConfig7
pds.getName(): simConfig8
pds.getName(): simConfig9
pds.getName(): state
pds.getName(): systemConfig
pds.getName(): class
pds.getName(): field1
pds.getName(): field2
pds.getName(): field3
pds.getName(): simConfig
pds.getName(): simConfig1
pds.getName(): simConfig10
pds.getName(): simConfig2
pds.getName(): simConfig3
pds.getName(): simConfig4
pds.getName(): simConfig5
pds.getName(): simConfig6
pds.getName(): simConfig7
pds.getName(): simConfig8
pds.getName(): simConfig9
pds.getName(): state
pds.getName(): systemConfig
pds.getName(): class
pds.getName(): field1
pds.getName(): field2
pds.getName(): field3
pds.getName(): simConfig
pds.getName(): simConfig1
pds.getName(): simConfig10
pds.getName(): simConfig2
pds.getName(): simConfig3
pds.getName(): simConfig4
pds.getName(): simConfig5
pds.getName(): simConfig6
pds.getName(): simConfig7
pds.getName(): simConfig8
pds.getName(): simConfig9
pds.getName(): state
pds.getName(): systemConfig
pds.getName(): class
pds.getName(): field1
pds.getName(): field2
pds.getName(): field3
pds.getName(): simConfig
pds.getName(): simConfig1
pds.getName(): simConfig10
pds.getName(): simConfig2
pds.getName(): simConfig3
pds.getName(): simConfig4
pds.getName(): simConfig5
pds.getName(): simConfig6
pds.getName(): simConfig7
pds.getName(): simConfig8
pds.getName(): simConfig9
pds.getName(): state
pds.getName(): systemConfig
pds.getName(): class
pds.getName(): field1
pds.getName(): field2
pds.getName(): field3
pds.getName(): simConfig
pds.getName(): simConfig1
pds.getName(): simConfig10
pds.getName(): simConfig2
pds.getName(): simConfig3
pds.getName(): simConfig4
pds.getName(): simConfig5
pds.getName(): simConfig6
pds.getName(): simConfig7
pds.getName(): simConfig8
pds.getName(): simConfig9
pds.getName(): state
pds.getName(): systemConfig
pds.getName(): class
pds.getName(): field1
pds.getName(): field2
pds.getName(): field3
pds.getName(): simConfig
pds.getName(): simConfig1
pds.getName(): simConfig10
pds.getName(): simConfig2
pds.getName(): simConfig3
pds.getName(): simConfig4
pds.getName(): simConfig5
pds.getName(): simConfig6
pds.getName(): simConfig7
pds.getName(): simConfig8
pds.getName(): simConfig9
pds.getName(): state
pds.getName(): systemConfig
pds.getName(): class
pds.getName(): field1
pds.getName(): field2
pds.getName(): field3
pds.getName(): simConfig
pds.getName(): simConfig1
pds.getName(): simConfig10
pds.getName(): simConfig2
pds.getName(): simConfig3
pds.getName(): simConfig4
pds.getName(): simConfig5
pds.getName(): simConfig6
pds.getName(): simConfig7
pds.getName(): simConfig8
pds.getName(): simConfig9
pds.getName(): state
pds.getName(): systemConfig
pds.getName(): class
pds.getName(): field1
pds.getName(): field2
pds.getName(): field3
pds.getName(): simConfig
pds.getName(): simConfig1
pds.getName(): simConfig10
pds.getName(): simConfig2
pds.getName(): simConfig3
pds.getName(): simConfig4
pds.getName(): simConfig5
pds.getName(): simConfig6
pds.getName(): simConfig7
pds.getName(): simConfig8
pds.getName(): simConfig9
pds.getName(): state
pds.getName(): systemConfig
pds.getName(): class
pds.getName(): field1
pds.getName(): field2
pds.getName(): field3
pds.getName(): simConfig
pds.getName(): simConfig1
pds.getName(): simConfig10
pds.getName(): simConfig2
pds.getName(): simConfig3
pds.getName(): simConfig4
pds.getName(): simConfig5
pds.getName(): simConfig6
pds.getName(): simConfig7
pds.getName(): simConfig8
pds.getName(): simConfig9
pds.getName(): state
pds.getName(): systemConfig
pds.getName(): class
pds.getName(): field1
pds.getName(): field2
pds.getName(): field3
pds.getName(): simConfig
pds.getName(): simConfig1
pds.getName(): simConfig10
pds.getName(): simConfig2
pds.getName(): simConfig3
pds.getName(): simConfig4
pds.getName(): simConfig5
pds.getName(): simConfig6
pds.getName(): simConfig7
pds.getName(): simConfig8
pds.getName(): simConfig9
pds.getName(): state
pds.getName(): systemConfig
pds.getName(): class
pds.getName(): field1
pds.getName(): field2
pds.getName(): field3
pds.getName(): simConfig
pds.getName(): simConfig1
pds.getName(): simConfig10
pds.getName(): simConfig2
pds.getName(): simConfig3
pds.getName(): simConfig4
pds.getName(): simConfig5
pds.getName(): simConfig6
pds.getName(): simConfig7
pds.getName(): simConfig8
pds.getName(): simConfig9
pds.getName(): state
pds.getName(): systemConfig
pds.getName(): class
pds.getName(): field1
pds.getName(): field2
pds.getName(): field3
pds.getName(): simConfig
pds.getName(): simConfig1
pds.getName(): simConfig10
pds.getName(): simConfig2
pds.getName(): simConfig3
pds.getName(): simConfig4
pds.getName(): simConfig5
pds.getName(): simConfig6
pds.getName(): simConfig7
pds.getName(): simConfig8
pds.getName(): simConfig9
pds.getName(): state
pds.getName(): systemConfig
pds.getName(): class
pds.getName(): field1
pds.getName(): field2
pds.getName(): field3
pds.getName(): simConfig
pds.getName(): simConfig1
pds.getName(): simConfig10
pds.getName(): simConfig2
pds.getName(): simConfig3
pds.getName(): simConfig4
pds.getName(): simConfig5
pds.getName(): simConfig6
pds.getName(): simConfig7
pds.getName(): simConfig8
pds.getName(): simConfig9
pds.getName(): state
pds.getName(): systemConfig
pds.getName(): class
pds.getName(): field1
pds.getName(): field2
pds.getName(): field3
pds.getName(): simConfig
pds.getName(): simConfig1
pds.getName(): simConfig10
pds.getName(): simConfig2
pds.getName(): simConfig3
pds.getName(): simConfig4
pds.getName(): simConfig5
pds.getName(): simConfig6
pds.getName(): simConfig7
pds.getName(): simConfig8
pds.getName(): simConfig9
pds.getName(): state
pds.getName(): systemConfig
pds.getName(): class
pds.getName(): field1
pds.getName(): field2
pds.getName(): field3
pds.getName(): simConfig
pds.getName(): simConfig1
pds.getName(): simConfig10
pds.getName(): simConfig2
pds.getName(): simConfig3
pds.getName(): simConfig4
pds.getName(): simConfig5
pds.getName(): simConfig6
pds.getName(): simConfig7
pds.getName(): simConfig8
pds.getName(): simConfig9
pds.getName(): state
pds.getName(): systemConfig
pds.getName(): class
pds.getName(): field1
pds.getName(): field2
pds.getName(): field3
pds.getName(): simConfig
pds.getName(): simConfig1
pds.getName(): simConfig10
pds.getName(): simConfig2
pds.getName(): simConfig3
pds.getName(): simConfig4
pds.getName(): simConfig5
pds.getName(): simConfig6
pds.getName(): simConfig7
pds.getName(): simConfig8
pds.getName(): simConfig9
pds.getName(): state
pds.getName(): systemConfig
pds.getName(): class
pds.getName(): field1
pds.getName(): field2
pds.getName(): field3
pds.getName(): simConfig
pds.getName(): simConfig1
pds.getName(): simConfig10
pds.getName(): simConfig2
pds.getName(): simConfig3
pds.getName(): simConfig4
pds.getName(): simConfig5
pds.getName(): simConfig6
pds.getName(): simConfig7
pds.getName(): simConfig8
pds.getName(): simConfig9
pds.getName(): state
pds.getName(): systemConfig
pds.getName(): class
pds.getName(): field1
pds.getName(): field2
pds.getName(): field3
pds.getName(): simConfig
pds.getName(): simConfig1
pds.getName(): simConfig10
pds.getName(): simConfig2
pds.getName(): simConfig3
pds.getName(): simConfig4
pds.getName(): simConfig5
pds.getName(): simConfig6
pds.getName(): simConfig7
pds.getName(): simConfig8
pds.getName(): simConfig9
pds.getName(): state
pds.getName(): systemConfig
pds.getName(): class
pds.getName(): field1
pds.getName(): field2
pds.getName(): field3
pds.getName(): simConfig
pds.getName(): simConfig1
pds.getName(): simConfig10
pds.getName(): simConfig2
pds.getName(): simConfig3
pds.getName(): simConfig4
pds.getName(): simConfig5
pds.getName(): simConfig6
pds.getName(): simConfig7
pds.getName(): simConfig8
pds.getName(): simConfig9
pds.getName(): state
pds.getName(): systemConfig
pds.getName(): class
pds.getName(): field1
pds.getName(): field2
pds.getName(): field3
pds.getName(): simConfig
pds.getName(): simConfig1
pds.getName(): simConfig10
pds.getName(): simConfig2
pds.getName(): simConfig3
pds.getName(): simConfig4
pds.getName(): simConfig5
pds.getName(): simConfig6
pds.getName(): simConfig7
pds.getName(): simConfig8
pds.getName(): simConfig9
pds.getName(): state
pds.getName(): systemConfig
pds.getName(): class
pds.getName(): field1
pds.getName(): field2
pds.getName(): field3
pds.getName(): simConfig
pds.getName(): simConfig1
pds.getName(): simConfig10
pds.getName(): simConfig2
pds.getName(): simConfig3
pds.getName(): simConfig4
pds.getName(): simConfig5
pds.getName(): simConfig6
pds.getName(): simConfig7
pds.getName(): simConfig8
pds.getName(): simConfig9
pds.getName(): state
pds.getName(): systemConfig
pds.getName(): class
pds.getName(): field1
pds.getName(): field2
pds.getName(): field3
pds.getName(): simConfig
pds.getName(): simConfig1
pds.getName(): simConfig10
pds.getName(): simConfig2
pds.getName(): simConfig3
pds.getName(): simConfig4
pds.getName(): simConfig5
pds.getName(): simConfig6
pds.getName(): simConfig7
pds.getName(): simConfig8
pds.getName(): simConfig9
pds.getName(): state
pds.getName(): systemConfig
pds.getName(): class
pds.getName(): field1
pds.getName(): field2
pds.getName(): field3
pds.getName(): simConfig
pds.getName(): simConfig1
pds.getName(): simConfig10
pds.getName(): simConfig2
pds.getName(): simConfig3
pds.getName(): simConfig4
pds.getName(): simConfig5
pds.getName(): simConfig6
pds.getName(): simConfig7
pds.getName(): simConfig8
pds.getName(): simConfig9
pds.getName(): state
pds.getName(): systemConfig
pds.getName(): class
pds.getName(): field1
pds.getName(): field2
pds.getName(): field3
pds.getName(): simConfig
pds.getName(): simConfig1
pds.getName(): simConfig10
pds.getName(): simConfig2
pds.getName(): simConfig3
pds.getName(): simConfig4
pds.getName(): simConfig5
pds.getName(): simConfig6
pds.getName(): simConfig7
pds.getName(): simConfig8
pds.getName(): simConfig9
pds.getName(): state
pds.getName(): systemConfig
pds.getName(): class
pds.getName(): field1
pds.getName(): field2
pds.getName(): field3
pds.getName(): simConfig
pds.getName(): simConfig1
pds.getName(): simConfig10
pds.getName(): simConfig2
pds.getName(): simConfig3
pds.getName(): simConfig4
pds.getName(): simConfig5
pds.getName(): simConfig6
pds.getName(): simConfig7
pds.getName(): simConfig8
pds.getName(): simConfig9
pds.getName(): state
pds.getName(): systemConfig
pds.getName(): class
pds.getName(): field1
pds.getName(): field2
pds.getName(): field3
pds.getName(): simConfig
pds.getName(): simConfig1
pds.getName(): simConfig10
pds.getName(): simConfig2
pds.getName(): simConfig3
pds.getName(): simConfig4
pds.getName(): simConfig5
pds.getName(): simConfig6
pds.getName(): simConfig7
pds.getName(): simConfig8
pds.getName(): simConfig9
pds.getName(): state
pds.getName(): systemConfig
pds.getName(): class
pds.getName(): field1
pds.getName(): field2
pds.getName(): field3
pds.getName(): simConfig
pds.getName(): simConfig1
pds.getName(): simConfig10
pds.getName(): simConfig2
pds.getName(): simConfig3
pds.getName(): simConfig4
pds.getName(): simConfig5
pds.getName(): simConfig6
pds.getName(): simConfig7
pds.getName(): simConfig8
pds.getName(): simConfig9
pds.getName(): state
pds.getName(): systemConfig
pds.getName(): class
pds.getName(): field1
pds.getName(): field2
pds.getName(): field3
pds.getName(): simConfig
pds.getName(): simConfig1
pds.getName(): simConfig10
pds.getName(): simConfig2
pds.getName(): simConfig3
pds.getName(): simConfig4
pds.getName(): simConfig5
pds.getName(): simConfig6
pds.getName(): simConfig7
pds.getName(): simConfig8
pds.getName(): simConfig9
pds.getName(): state
pds.getName(): systemConfig
pds.getName(): class
pds.getName(): field1
pds.getName(): field2
pds.getName(): field3
pds.getName(): simConfig
pds.getName(): simConfig1
pds.getName(): simConfig10
pds.getName(): simConfig2
pds.getName(): simConfig3
pds.getName(): simConfig4
pds.getName(): simConfig5
pds.getName(): simConfig6
pds.getName(): simConfig7
pds.getName(): simConfig8
pds.getName(): simConfig9
pds.getName(): state
pds.getName(): systemConfig
pds.getName(): class
pds.getName(): field1
pds.getName(): field2
pds.getName(): field3
pds.getName(): simConfig
pds.getName(): simConfig1
pds.getName(): simConfig10
pds.getName(): simConfig2
pds.getName(): simConfig3
pds.getName(): simConfig4
pds.getName(): simConfig5
pds.getName(): simConfig6
pds.getName(): simConfig7
pds.getName(): simConfig8
pds.getName(): simConfig9
pds.getName(): state
pds.getName(): systemConfig
pds.getName(): class
pds.getName(): field1
pds.getName(): field2
pds.getName(): field3
pds.getName(): simConfig
pds.getName(): simConfig1
pds.getName(): simConfig10
pds.getName(): simConfig2
pds.getName(): simConfig3
pds.getName(): simConfig4
pds.getName(): simConfig5
pds.getName(): simConfig6
pds.getName(): simConfig7
pds.getName(): simConfig8
pds.getName(): simConfig9
pds.getName(): state
pds.getName(): systemConfig
pds.getName(): class
pds.getName(): field1
pds.getName(): field2
pds.getName(): field3
pds.getName(): simConfig
pds.getName(): simConfig1
pds.getName(): simConfig10
pds.getName(): simConfig2
pds.getName(): simConfig3
pds.getName(): simConfig4
pds.getName(): simConfig5
pds.getName(): simConfig6
pds.getName(): simConfig7
pds.getName(): simConfig8
pds.getName(): simConfig9
pds.getName(): state
pds.getName(): systemConfig
pds.getName(): class
pds.getName(): field1
pds.getName(): field2
pds.getName(): field3
pds.getName(): simConfig
pds.getName(): simConfig1
pds.getName(): simConfig10
pds.getName(): simConfig2
pds.getName(): simConfig3
pds.getName(): simConfig4
pds.getName(): simConfig5
pds.getName(): simConfig6
pds.getName(): simConfig7
pds.getName(): simConfig8
pds.getName(): simConfig9
pds.getName(): state
pds.getName(): systemConfig
pds.getName(): class
pds.getName(): field1
pds.getName(): field2
pds.getName(): field3
pds.getName(): simConfig
pds.getName(): simConfig1
pds.getName(): simConfig10
pds.getName(): simConfig2
pds.getName(): simConfig3
pds.getName(): simConfig4
pds.getName(): simConfig5
pds.getName(): simConfig6
pds.getName(): simConfig7
pds.getName(): simConfig8
pds.getName(): simConfig9
pds.getName(): state
pds.getName(): systemConfig
pds.getName(): class
pds.getName(): field1
pds.getName(): field2
pds.getName(): field3
pds.getName(): simConfig
pds.getName(): simConfig1
pds.getName(): simConfig10
pds.getName(): simConfig2
pds.getName(): simConfig3
pds.getName(): simConfig4
pds.getName(): simConfig5
pds.getName(): simConfig6
pds.getName(): simConfig7
pds.getName(): simConfig8
pds.getName(): simConfig9
pds.getName(): state
pds.getName(): systemConfig
pds.getName(): class
pds.getName(): field1
supercalss is: class java.lang.Object
pds.getName(): field2
supercalss is: class java.lang.Object
pds.getName(): field3
supercalss is: class java.lang.Object
pds.getName(): simConfig
supercalss is: class com.emoney.finance.emx.Config
pds.getName(): class
pds.getName(): field1
pds.getName(): field2
pds.getName(): field3
pds.getName(): state
pds.getName(): systemConfig
pds.getName(): class
pds.getName(): field1
pds.getName(): field2
pds.getName(): field3
pds.getName(): state
pds.getName(): systemConfig
pds.getName(): class
pds.getName(): field1
pds.getName(): field2
pds.getName(): field3
pds.getName(): state
pds.getName(): systemConfig
pds.getName(): class
pds.getName(): field1
pds.getName(): field2
pds.getName(): field3
pds.getName(): state
pds.getName(): systemConfig
pds.getName(): class
pds.getName(): field1
pds.getName(): field2
pds.getName(): field3
pds.getName(): state
pds.getName(): systemConfig
pds.getName(): class
pds.getName(): field1
pds.getName(): field2
pds.getName(): field3
pds.getName(): state
pds.getName(): systemConfig
pds.getName(): class
pds.getName(): field1
pds.getName(): field2
pds.getName(): field3
pds.getName(): state
pds.getName(): systemConfig
pds.getName(): class
pds.getName(): field1
pds.getName(): field2
pds.getName(): field3
pds.getName(): state
pds.getName(): systemConfig
pds.getName(): class
pds.getName(): field1
pds.getName(): field2
pds.getName(): field3
pds.getName(): state
pds.getName(): systemConfig
pds.getName(): class
pds.getName(): field1
pds.getName(): field2
pds.getName(): field3
pds.getName(): state
pds.getName(): systemConfig
pds.getName(): class
pds.getName(): field1
pds.getName(): field2
pds.getName(): field3
pds.getName(): state
pds.getName(): systemConfig
pds.getName(): class
pds.getName(): field1
pds.getName(): field2
pds.getName(): field3
pds.getName(): state
pds.getName(): systemConfig
pds.getName(): class
pds.getName(): field1
pds.getName(): field2
pds.getName(): field3
pds.getName(): state
pds.getName(): systemConfig
pds.getName(): class
pds.getName(): field1
pds.getName(): field2
pds.getName(): field3
pds.getName(): state
pds.getName(): systemConfig
pds.getName(): class
pds.getName(): field1
pds.getName(): field2
pds.getName(): field3
pds.getName(): state
pds.getName(): systemConfig
pds.getName(): class
pds.getName(): field1
pds.getName(): field2
pds.getName(): field3
pds.getName(): state
pds.getName(): systemConfig
pds.getName(): class
pds.getName(): field1
pds.getName(): field2
pds.getName(): field3
pds.getName(): state
pds.getName(): systemConfig
pds.getName(): class
pds.getName(): field1
pds.getName(): field2
pds.getName(): field3
pds.getName(): state
pds.getName(): systemConfig
pds.getName(): class
pds.getName(): field1
pds.getName(): field2
pds.getName(): field3
pds.getName(): state
pds.getName(): systemConfig
pds.getName(): class
pds.getName(): field1
pds.getName(): field2
pds.getName(): field3
pds.getName(): state
pds.getName(): systemConfig
pds.getName(): class
pds.getName(): field1
pds.getName(): field2
pds.getName(): field3
pds.getName(): state
pds.getName(): systemConfig
pds.getName(): class
pds.getName(): field1
pds.getName(): field2
pds.getName(): field3
pds.getName(): state
pds.getName(): systemConfig
pds.getName(): class
pds.getName(): field1
pds.getName(): field2
pds.getName(): field3
pds.getName(): state
pds.getName(): systemConfig
pds.getName(): class
pds.getName(): field1
pds.getName(): field2
pds.getName(): field3
pds.getName(): state
pds.getName(): systemConfig
pds.getName(): class
pds.getName(): field1
pds.getName(): field2
pds.getName(): field3
pds.getName(): state
pds.getName(): systemConfig
pds.getName(): class
pds.getName(): field1
pds.getName(): field2
pds.getName(): field3
pds.getName(): state
pds.getName(): systemConfig
pds.getName(): class
pds.getName(): field1
pds.getName(): field2
pds.getName(): field3
pds.getName(): state
pds.getName(): systemConfig
pds.getName(): class
pds.getName(): field1
pds.getName(): field2
pds.getName(): field3
pds.getName(): state
pds.getName(): systemConfig
pds.getName(): class
pds.getName(): field1
pds.getName(): field2
pds.getName(): field3
pds.getName(): state
pds.getName(): systemConfig
pds.getName(): class
pds.getName(): field1
pds.getName(): field2
pds.getName(): field3
pds.getName(): state
pds.getName(): systemConfig
pds.getName(): class
pds.getName(): field1
pds.getName(): field2
pds.getName(): field3
pds.getName(): state
pds.getName(): systemConfig
pds.getName(): class
pds.getName(): field1
pds.getName(): field2
pds.getName(): field3
pds.getName(): state
pds.getName(): systemConfig
pds.getName(): class
pds.getName(): field1
pds.getName(): field2
pds.getName(): field3
pds.getName(): state
pds.getName(): systemConfig
pds.getName(): class
pds.getName(): field1
pds.getName(): field2
pds.getName(): field3
pds.getName(): state
pds.getName(): systemConfig
pds.getName(): class
pds.getName(): field1
pds.getName(): field2
pds.getName(): field3
pds.getName(): state
pds.getName(): systemConfig
pds.getName(): class
pds.getName(): field1
pds.getName(): field2
pds.getName(): field3
pds.getName(): state
pds.getName(): systemConfig
pds.getName(): class
pds.getName(): field1
pds.getName(): field2
pds.getName(): field3
pds.getName(): state
pds.getName(): systemConfig
pds.getName(): class
pds.getName(): field1
pds.getName(): field2
pds.getName(): field3
pds.getName(): state
pds.getName(): systemConfig
pds.getName(): class
pds.getName(): field1
pds.getName(): field2
pds.getName(): field3
pds.getName(): state
pds.getName(): systemConfig
pds.getName(): class
pds.getName(): field1
supercalss is: class java.lang.Object
pds.getName(): field2
supercalss is: class java.lang.Object
pds.getName(): field3
supercalss is: class java.lang.Object
pds.getName(): state
supercalss is: null
pds.getName(): systemConfig
supercalss is: class com.emoney.finance.emx.Config
pds.getName(): class
pds.getName(): field1
pds.getName(): field2
pds.getName(): field3
pds.getName(): state
pds.getName(): class
pds.getName(): field1
pds.getName(): field2
pds.getName(): field3
pds.getName(): state
pds.getName(): class
pds.getName(): field1
pds.getName(): field2
pds.getName(): field3
pds.getName(): state
pds.getName(): class
pds.getName(): field1
pds.getName(): field2
pds.getName(): field3
pds.getName(): state
pds.getName(): class
pds.getName(): field1
pds.getName(): field2
pds.getName(): field3
pds.getName(): state
pds.getName(): class
pds.getName(): field1
pds.getName(): field2
pds.getName(): field3
pds.getName(): state
pds.getName(): class
pds.getName(): field1
pds.getName(): field2
pds.getName(): field3
pds.getName(): state
pds.getName(): class
pds.getName(): field1
pds.getName(): field2
pds.getName(): field3
pds.getName(): state
pds.getName(): class
pds.getName(): field1
pds.getName(): field2
pds.getName(): field3
pds.getName(): state
pds.getName(): class
pds.getName(): field1
pds.getName(): field2
pds.getName(): field3
pds.getName(): state
pds.getName(): class
pds.getName(): field1
pds.getName(): field2
pds.getName(): field3
pds.getName(): state
pds.getName(): class
pds.getName(): field1
pds.getName(): field2
pds.getName(): field3
pds.getName(): state
pds.getName(): class
pds.getName(): field1
pds.getName(): field2
pds.getName(): field3
pds.getName(): state
pds.getName(): class
pds.getName(): field1
pds.getName(): field2
pds.getName(): field3
pds.getName(): state
pds.getName(): class
pds.getName(): field1
pds.getName(): field2
pds.getName(): field3
pds.getName(): state
pds.getName(): class
pds.getName(): field1
pds.getName(): field2
pds.getName(): field3
pds.getName(): state
pds.getName(): class
pds.getName(): field1
pds.getName(): field2
pds.getName(): field3
pds.getName(): state
pds.getName(): class
pds.getName(): field1
pds.getName(): field2
pds.getName(): field3
pds.getName(): state
pds.getName(): class
pds.getName(): field1
pds.getName(): field2
pds.getName(): field3
pds.getName(): state
pds.getName(): class
pds.getName(): field1
pds.getName(): field2
pds.getName(): field3
pds.getName(): state
pds.getName(): class
pds.getName(): field1
pds.getName(): field2
pds.getName(): field3
pds.getName(): state
pds.getName(): class
pds.getName(): field1
pds.getName(): field2
pds.getName(): field3
pds.getName(): state
pds.getName(): class
pds.getName(): field1
pds.getName(): field2
pds.getName(): field3
pds.getName(): state
pds.getName(): class
pds.getName(): field1
pds.getName(): field2
pds.getName(): field3
pds.getName(): state
pds.getName(): class
pds.getName(): field1
pds.getName(): field2
pds.getName(): field3
pds.getName(): state
pds.getName(): class
pds.getName(): field1
pds.getName(): field2
pds.getName(): field3
pds.getName(): state
pds.getName(): class
pds.getName(): field1
pds.getName(): field2
pds.getName(): field3
pds.getName(): state
pds.getName(): class
pds.getName(): field1
pds.getName(): field2
pds.getName(): field3
pds.getName(): state
pds.getName(): class
pds.getName(): field1
pds.getName(): field2
pds.getName(): field3
pds.getName(): state
pds.getName(): class
pds.getName(): field1
pds.getName(): field2
pds.getName(): field3
pds.getName(): state
pds.getName(): class
pds.getName(): field1
pds.getName(): field2
pds.getName(): field3
pds.getName(): state
pds.getName(): class
pds.getName(): field1
pds.getName(): field2
pds.getName(): field3
pds.getName(): state
pds.getName(): class
pds.getName(): field1
pds.getName(): field2
pds.getName(): field3
pds.getName(): state
pds.getName(): class
pds.getName(): field1
pds.getName(): field2
pds.getName(): field3
pds.getName(): state
pds.getName(): class
pds.getName(): field1
pds.getName(): field2
pds.getName(): field3
pds.getName(): state
pds.getName(): class
pds.getName(): field1
pds.getName(): field2
pds.getName(): field3
pds.getName(): state
pds.getName(): class
pds.getName(): field1
pds.getName(): field2
pds.getName(): field3
pds.getName(): state
pds.getName(): class
pds.getName(): field1
pds.getName(): field2
pds.getName(): field3
pds.getName(): state
pds.getName(): class
pds.getName(): field1
pds.getName(): field2
pds.getName(): field3
pds.getName(): state
pds.getName(): class
pds.getName(): field1
supercalss is: class java.lang.Object
pds.getName(): field2
supercalss is: class java.lang.Object
pds.getName(): field3
supercalss is: class java.lang.Object
pds.getName(): state
supercalss is: null
pds.getName(): simConfig1
supercalss is: class com.emoney.finance.emx.Config
pds.getName(): class
pds.getName(): field1
pds.getName(): field2
pds.getName(): field3
pds.getName(): state
pds.getName(): systemConfig
pds.getName(): class
pds.getName(): field1
pds.getName(): field2
pds.getName(): field3
pds.getName(): state
pds.getName(): systemConfig
pds.getName(): class
pds.getName(): field1
pds.getName(): field2
pds.getName(): field3
pds.getName(): state
pds.getName(): systemConfig
pds.getName(): class
pds.getName(): field1
pds.getName(): field2
pds.getName(): field3
pds.getName(): state
pds.getName(): systemConfig
pds.getName(): class
pds.getName(): field1
pds.getName(): field2
pds.getName(): field3
pds.getName(): state
pds.getName(): systemConfig
pds.getName(): class
pds.getName(): field1
pds.getName(): field2
pds.getName(): field3
pds.getName(): state
pds.getName(): systemConfig
pds.getName(): class
pds.getName(): field1
pds.getName(): field2
pds.getName(): field3
pds.getName(): state
pds.getName(): systemConfig
pds.getName(): class
pds.getName(): field1
pds.getName(): field2
pds.getName(): field3
pds.getName(): state
pds.getName(): systemConfig
pds.getName(): class
pds.getName(): field1
pds.getName(): field2
pds.getName(): field3
pds.getName(): state
pds.getName(): systemConfig
pds.getName(): class
pds.getName(): field1
pds.getName(): field2
pds.getName(): field3
pds.getName(): state
pds.getName(): systemConfig
pds.getName(): class
pds.getName(): field1
pds.getName(): field2
pds.getName(): field3
pds.getName(): state
pds.getName(): systemConfig
pds.getName(): class
pds.getName(): field1
pds.getName(): field2
pds.getName(): field3
pds.getName(): state
pds.getName(): systemConfig
pds.getName(): class
pds.getName(): field1
pds.getName(): field2
pds.getName(): field3
pds.getName(): state
pds.getName(): systemConfig
pds.getName(): class
pds.getName(): field1
pds.getName(): field2
pds.getName(): field3
pds.getName(): state
pds.getName(): systemConfig
pds.getName(): class
pds.getName(): field1
pds.getName(): field2
pds.getName(): field3
pds.getName(): state
pds.getName(): systemConfig
pds.getName(): class
pds.getName(): field1
pds.getName(): field2
pds.getName(): field3
pds.getName(): state
pds.getName(): systemConfig
pds.getName(): class
pds.getName(): field1
pds.getName(): field2
pds.getName(): field3
pds.getName(): state
pds.getName(): systemConfig
pds.getName(): class
pds.getName(): field1
pds.getName(): field2
pds.getName(): field3
pds.getName(): state
pds.getName(): systemConfig
pds.getName(): class
pds.getName(): field1
pds.getName(): field2
pds.getName(): field3
pds.getName(): state
pds.getName(): systemConfig
pds.getName(): class
pds.getName(): field1
pds.getName(): field2
pds.getName(): field3
pds.getName(): state
pds.getName(): systemConfig
pds.getName(): class
pds.getName(): field1
pds.getName(): field2
pds.getName(): field3
pds.getName(): state
pds.getName(): systemConfig
pds.getName(): class
pds.getName(): field1
pds.getName(): field2
pds.getName(): field3
pds.getName(): state
pds.getName(): systemConfig
pds.getName(): class
pds.getName(): field1
pds.getName(): field2
pds.getName(): field3
pds.getName(): state
pds.getName(): systemConfig
pds.getName(): class
pds.getName(): field1
pds.getName(): field2
pds.getName(): field3
pds.getName(): state
pds.getName(): systemConfig
pds.getName(): class
pds.getName(): field1
pds.getName(): field2
pds.getName(): field3
pds.getName(): state
pds.getName(): systemConfig
pds.getName(): class
pds.getName(): field1
pds.getName(): field2
pds.getName(): field3
pds.getName(): state
pds.getName(): systemConfig
pds.getName(): class
pds.getName(): field1
pds.getName(): field2
pds.getName(): field3
pds.getName(): state
pds.getName(): systemConfig
pds.getName(): class
pds.getName(): field1
pds.getName(): field2
pds.getName(): field3
pds.getName(): state
pds.getName(): systemConfig
pds.getName(): class
pds.getName(): field1
pds.getName(): field2
pds.getName(): field3
pds.getName(): state
pds.getName(): systemConfig
pds.getName(): class
pds.getName(): field1
pds.getName(): field2
pds.getName(): field3
pds.getName(): state
pds.getName(): systemConfig
pds.getName(): class
pds.getName(): field1
pds.getName(): field2
pds.getName(): field3
pds.getName(): state
pds.getName(): systemConfig
pds.getName(): class
pds.getName(): field1
pds.getName(): field2
pds.getName(): field3
pds.getName(): state
pds.getName(): systemConfig
pds.getName(): class
pds.getName(): field1
pds.getName(): field2
pds.getName(): field3
pds.getName(): state
pds.getName(): systemConfig
pds.getName(): class
pds.getName(): field1
pds.getName(): field2
pds.getName(): field3
pds.getName(): state
pds.getName(): systemConfig
pds.getName(): class
pds.getName(): field1
pds.getName(): field2
pds.getName(): field3
pds.getName(): state
pds.getName(): systemConfig
pds.getName(): class
pds.getName(): field1
pds.getName(): field2
pds.getName(): field3
pds.getName(): state
pds.getName(): systemConfig
pds.getName(): class
pds.getName(): field1
pds.getName(): field2
pds.getName(): field3
pds.getName(): state
pds.getName(): systemConfig
pds.getName(): class
pds.getName(): field1
pds.getName(): field2
pds.getName(): field3
pds.getName(): state
pds.getName(): systemConfig
pds.getName(): class
pds.getName(): field1
pds.getName(): field2
pds.getName(): field3
pds.getName(): state
pds.getName(): systemConfig
pds.getName(): class
pds.getName(): field1
supercalss is: class java.lang.Object
pds.getName(): field2
supercalss is: class java.lang.Object
pds.getName(): field3
supercalss is: class java.lang.Object
pds.getName(): state
supercalss is: null
pds.getName(): systemConfig
supercalss is: class com.emoney.finance.emx.Config
pds.getName(): class
pds.getName(): field1
pds.getName(): field2
pds.getName(): field3
pds.getName(): state
pds.getName(): class
pds.getName(): field1
pds.getName(): field2
pds.getName(): field3
pds.getName(): state
pds.getName(): class
pds.getName(): field1
pds.getName(): field2
pds.getName(): field3
pds.getName(): state
pds.getName(): class
pds.getName(): field1
pds.getName(): field2
pds.getName(): field3
pds.getName(): state
pds.getName(): class
pds.getName(): field1
pds.getName(): field2
pds.getName(): field3
pds.getName(): state
pds.getName(): class
pds.getName(): field1
pds.getName(): field2
pds.getName(): field3
pds.getName(): state
pds.getName(): class
pds.getName(): field1
pds.getName(): field2
pds.getName(): field3
pds.getName(): state
pds.getName(): class
pds.getName(): field1
pds.getName(): field2
pds.getName(): field3
pds.getName(): state
pds.getName(): class
pds.getName(): field1
pds.getName(): field2
pds.getName(): field3
pds.getName(): state
pds.getName(): class
pds.getName(): field1
pds.getName(): field2
pds.getName(): field3
pds.getName(): state
pds.getName(): class
pds.getName(): field1
pds.getName(): field2
pds.getName(): field3
pds.getName(): state
pds.getName(): class
pds.getName(): field1
pds.getName(): field2
pds.getName(): field3
pds.getName(): state
pds.getName(): class
pds.getName(): field1
pds.getName(): field2
pds.getName(): field3
pds.getName(): state
pds.getName(): class
pds.getName(): field1
pds.getName(): field2
pds.getName(): field3
pds.getName(): state
pds.getName(): class
pds.getName(): field1
pds.getName(): field2
pds.getName(): field3
pds.getName(): state
pds.getName(): class
pds.getName(): field1
pds.getName(): field2
pds.getName(): field3
pds.getName(): state
pds.getName(): class
pds.getName(): field1
pds.getName(): field2
pds.getName(): field3
pds.getName(): state
pds.getName(): class
pds.getName(): field1
pds.getName(): field2
pds.getName(): field3
pds.getName(): state
pds.getName(): class
pds.getName(): field1
pds.getName(): field2
pds.getName(): field3
pds.getName(): state
pds.getName(): class
pds.getName(): field1
pds.getName(): field2
pds.getName(): field3
pds.getName(): state
pds.getName(): class
pds.getName(): field1
pds.getName(): field2
pds.getName(): field3
pds.getName(): state
pds.getName(): class
pds.getName(): field1
pds.getName(): field2
pds.getName(): field3
pds.getName(): state
pds.getName(): class
pds.getName(): field1
pds.getName(): field2
pds.getName(): field3
pds.getName(): state
pds.getName(): class
pds.getName(): field1
pds.getName(): field2
pds.getName(): field3
pds.getName(): state
pds.getName(): class
pds.getName(): field1
pds.getName(): field2
pds.getName(): field3
pds.getName(): state
pds.getName(): class
pds.getName(): field1
pds.getName(): field2
pds.getName(): field3
pds.getName(): state
pds.getName(): class
pds.getName(): field1
pds.getName(): field2
pds.getName(): field3
pds.getName(): state
pds.getName(): class
pds.getName(): field1
pds.getName(): field2
pds.getName(): field3
pds.getName(): state
pds.getName(): class
pds.getName(): field1
pds.getName(): field2
pds.getName(): field3
pds.getName(): state
pds.getName(): class
pds.getName(): field1
pds.getName(): field2
pds.getName(): field3
pds.getName(): state
pds.getName(): class
pds.getName(): field1
pds.getName(): field2
pds.getName(): field3
pds.getName(): state
pds.getName(): class
pds.getName(): field1
pds.getName(): field2
pds.getName(): field3
pds.getName(): state
pds.getName(): class
pds.getName(): field1
pds.getName(): field2
pds.getName(): field3
pds.getName(): state
pds.getName(): class
pds.getName(): field1
pds.getName(): field2
pds.getName(): field3
pds.getName(): state
pds.getName(): class
pds.getName(): field1
pds.getName(): field2
pds.getName(): field3
pds.getName(): state
pds.getName(): class
pds.getName(): field1
pds.getName(): field2
pds.getName(): field3
pds.getName(): state
pds.getName(): class
pds.getName(): field1
pds.getName(): field2
pds.getName(): field3
pds.getName(): state
pds.getName(): class
pds.getName(): field1
pds.getName(): field2
pds.getName(): field3
pds.getName(): state
pds.getName(): class
pds.getName(): field1
pds.getName(): field2
pds.getName(): field3
pds.getName(): state
pds.getName(): class
pds.getName(): field1
supercalss is: class java.lang.Object
pds.getName(): field2
supercalss is: class java.lang.Object
pds.getName(): field3
supercalss is: class java.lang.Object
pds.getName(): state
supercalss is: null
pds.getName(): simConfig10
supercalss is: class com.emoney.finance.emx.Config
pds.getName(): class
pds.getName(): field1
pds.getName(): field2
pds.getName(): field3
pds.getName(): state
pds.getName(): systemConfig
pds.getName(): class
pds.getName(): field1
pds.getName(): field2
pds.getName(): field3
pds.getName(): state
pds.getName(): systemConfig
pds.getName(): class
pds.getName(): field1
pds.getName(): field2
pds.getName(): field3
pds.getName(): state
pds.getName(): systemConfig
pds.getName(): class
pds.getName(): field1
pds.getName(): field2
pds.getName(): field3
pds.getName(): state
pds.getName(): systemConfig
pds.getName(): class
pds.getName(): field1
pds.getName(): field2
pds.getName(): field3
pds.getName(): state
pds.getName(): systemConfig
pds.getName(): class
pds.getName(): field1
pds.getName(): field2
pds.getName(): field3
pds.getName(): state
pds.getName(): systemConfig
pds.getName(): class
pds.getName(): field1
pds.getName(): field2
pds.getName(): field3
pds.getName(): state
pds.getName(): systemConfig
pds.getName(): class
pds.getName(): field1
pds.getName(): field2
pds.getName(): field3
pds.getName(): state
pds.getName(): systemConfig
pds.getName(): class
pds.getName(): field1
pds.getName(): field2
pds.getName(): field3
pds.getName(): state
pds.getName(): systemConfig
pds.getName(): class
pds.getName(): field1
pds.getName(): field2
pds.getName(): field3
pds.getName(): state
pds.getName(): systemConfig
pds.getName(): class
pds.getName(): field1
pds.getName(): field2
pds.getName(): field3
pds.getName(): state
pds.getName(): systemConfig
pds.getName(): class
pds.getName(): field1
pds.getName(): field2
pds.getName(): field3
pds.getName(): state
pds.getName(): systemConfig
pds.getName(): class
pds.getName(): field1
pds.getName(): field2
pds.getName(): field3
pds.getName(): state
pds.getName(): systemConfig
pds.getName(): class
pds.getName(): field1
pds.getName(): field2
pds.getName(): field3
pds.getName(): state
pds.getName(): systemConfig
pds.getName(): class
pds.getName(): field1
pds.getName(): field2
pds.getName(): field3
pds.getName(): state
pds.getName(): systemConfig
pds.getName(): class
pds.getName(): field1
pds.getName(): field2
pds.getName(): field3
pds.getName(): state
pds.getName(): systemConfig
pds.getName(): class
pds.getName(): field1
pds.getName(): field2
pds.getName(): field3
pds.getName(): state
pds.getName(): systemConfig
pds.getName(): class
pds.getName(): field1
pds.getName(): field2
pds.getName(): field3
pds.getName(): state
pds.getName(): systemConfig
pds.getName(): class
pds.getName(): field1
pds.getName(): field2
pds.getName(): field3
pds.getName(): state
pds.getName(): systemConfig
pds.getName(): class
pds.getName(): field1
pds.getName(): field2
pds.getName(): field3
pds.getName(): state
pds.getName(): systemConfig
pds.getName(): class
pds.getName(): field1
pds.getName(): field2
pds.getName(): field3
pds.getName(): state
pds.getName(): systemConfig
pds.getName(): class
pds.getName(): field1
pds.getName(): field2
pds.getName(): field3
pds.getName(): state
pds.getName(): systemConfig
pds.getName(): class
pds.getName(): field1
pds.getName(): field2
pds.getName(): field3
pds.getName(): state
pds.getName(): systemConfig
pds.getName(): class
pds.getName(): field1
pds.getName(): field2
pds.getName(): field3
pds.getName(): state
pds.getName(): systemConfig
pds.getName(): class
pds.getName(): field1
pds.getName(): field2
pds.getName(): field3
pds.getName(): state
pds.getName(): systemConfig
pds.getName(): class
pds.getName(): field1
pds.getName(): field2
pds.getName(): field3
pds.getName(): state
pds.getName(): systemConfig
pds.getName(): class
pds.getName(): field1
pds.getName(): field2
pds.getName(): field3
pds.getName(): state
pds.getName(): systemConfig
pds.getName(): class
pds.getName(): field1
pds.getName(): field2
pds.getName(): field3
pds.getName(): state
pds.getName(): systemConfig
pds.getName(): class
pds.getName(): field1
pds.getName(): field2
pds.getName(): field3
pds.getName(): state
pds.getName(): systemConfig
pds.getName(): class
pds.getName(): field1
pds.getName(): field2
pds.getName(): field3
pds.getName(): state
pds.getName(): systemConfig
pds.getName(): class
pds.getName(): field1
pds.getName(): field2
pds.getName(): field3
pds.getName(): state
pds.getName(): systemConfig
pds.getName(): class
pds.getName(): field1
pds.getName(): field2
pds.getName(): field3
pds.getName(): state
pds.getName(): systemConfig
pds.getName(): class
pds.getName(): field1
pds.getName(): field2
pds.getName(): field3
pds.getName(): state
pds.getName(): systemConfig
pds.getName(): class
pds.getName(): field1
pds.getName(): field2
pds.getName(): field3
pds.getName(): state
pds.getName(): systemConfig
pds.getName(): class
pds.getName(): field1
pds.getName(): field2
pds.getName(): field3
pds.getName(): state
pds.getName(): systemConfig
pds.getName(): class
pds.getName(): field1
pds.getName(): field2
pds.getName(): field3
pds.getName(): state
pds.getName(): systemConfig
pds.getName(): class
pds.getName(): field1
pds.getName(): field2
pds.getName(): field3
pds.getName(): state
pds.getName(): systemConfig
pds.getName(): class
pds.getName(): field1
pds.getName(): field2
pds.getName(): field3
pds.getName(): state
pds.getName(): systemConfig
pds.getName(): class
pds.getName(): field1
pds.getName(): field2
pds.getName(): field3
pds.getName(): state
pds.getName(): systemConfig
pds.getName(): class
pds.getName(): field1
supercalss is: class java.lang.Object
pds.getName(): field2
supercalss is: class java.lang.Object
pds.getName(): field3
supercalss is: class java.lang.Object
pds.getName(): state
supercalss is: null
pds.getName(): systemConfig
supercalss is: class com.emoney.finance.emx.Config
pds.getName(): class
pds.getName(): field1
pds.getName(): field2
pds.getName(): field3
pds.getName(): state
pds.getName(): class
pds.getName(): field1
pds.getName(): field2
pds.getName(): field3
pds.getName(): state
pds.getName(): class
pds.getName(): field1
pds.getName(): field2
pds.getName(): field3
pds.getName(): state
pds.getName(): class
pds.getName(): field1
pds.getName(): field2
pds.getName(): field3
pds.getName(): state
pds.getName(): class
pds.getName(): field1
pds.getName(): field2
pds.getName(): field3
pds.getName(): state
pds.getName(): class
pds.getName(): field1
pds.getName(): field2
pds.getName(): field3
pds.getName(): state
pds.getName(): class
pds.getName(): field1
pds.getName(): field2
pds.getName(): field3
pds.getName(): state
pds.getName(): class
pds.getName(): field1
pds.getName(): field2
pds.getName(): field3
pds.getName(): state
pds.getName(): class
pds.getName(): field1
pds.getName(): field2
pds.getName(): field3
pds.getName(): state
pds.getName(): class
pds.getName(): field1
pds.getName(): field2
pds.getName(): field3
pds.getName(): state
pds.getName(): class
pds.getName(): field1
pds.getName(): field2
pds.getName(): field3
pds.getName(): state
pds.getName(): class
pds.getName(): field1
pds.getName(): field2
pds.getName(): field3
pds.getName(): state
pds.getName(): class
pds.getName(): field1
pds.getName(): field2
pds.getName(): field3
pds.getName(): state
pds.getName(): class
pds.getName(): field1
pds.getName(): field2
pds.getName(): field3
pds.getName(): state
pds.getName(): class
pds.getName(): field1
pds.getName(): field2
pds.getName(): field3
pds.getName(): state
pds.getName(): class
pds.getName(): field1
pds.getName(): field2
pds.getName(): field3
pds.getName(): state
pds.getName(): class
pds.getName(): field1
pds.getName(): field2
pds.getName(): field3
pds.getName(): state
pds.getName(): class
pds.getName(): field1
pds.getName(): field2
pds.getName(): field3
pds.getName(): state
pds.getName(): class
pds.getName(): field1
pds.getName(): field2
pds.getName(): field3
pds.getName(): state
pds.getName(): class
pds.getName(): field1
pds.getName(): field2
pds.getName(): field3
pds.getName(): state
pds.getName(): class
pds.getName(): field1
pds.getName(): field2
pds.getName(): field3
pds.getName(): state
pds.getName(): class
pds.getName(): field1
pds.getName(): field2
pds.getName(): field3
pds.getName(): state
pds.getName(): class
pds.getName(): field1
pds.getName(): field2
pds.getName(): field3
pds.getName(): state
pds.getName(): class
pds.getName(): field1
pds.getName(): field2
pds.getName(): field3
pds.getName(): state
pds.getName(): class
pds.getName(): field1
pds.getName(): field2
pds.getName(): field3
pds.getName(): state
pds.getName(): class
pds.getName(): field1
pds.getName(): field2
pds.getName(): field3
pds.getName(): state
pds.getName(): class
pds.getName(): field1
pds.getName(): field2
pds.getName(): field3
pds.getName(): state
pds.getName(): class
pds.getName(): field1
pds.getName(): field2
pds.getName(): field3
pds.getName(): state
pds.getName(): class
pds.getName(): field1
pds.getName(): field2
pds.getName(): field3
pds.getName(): state
pds.getName(): class
pds.getName(): field1
pds.getName(): field2
pds.getName(): field3
pds.getName(): state
pds.getName(): class
pds.getName(): field1
pds.getName(): field2
pds.getName(): field3
pds.getName(): state
pds.getName(): class
pds.getName(): field1
pds.getName(): field2
pds.getName(): field3
pds.getName(): state
pds.getName(): class
pds.getName(): field1
pds.getName(): field2
pds.getName(): field3
pds.getName(): state
pds.getName(): class
pds.getName(): field1
pds.getName(): field2
pds.getName(): field3
pds.getName(): state
pds.getName(): class
pds.getName(): field1
pds.getName(): field2
pds.getName(): field3
pds.getName(): state
pds.getName(): class
pds.getName(): field1
pds.getName(): field2
pds.getName(): field3
pds.getName(): state
pds.getName(): class
pds.getName(): field1
pds.getName(): field2
pds.getName(): field3
pds.getName(): state
pds.getName(): class
pds.getName(): field1
pds.getName(): field2
pds.getName(): field3
pds.getName(): state
pds.getName(): class
pds.getName(): field1
pds.getName(): field2
pds.getName(): field3
pds.getName(): state
pds.getName(): class
pds.getName(): field1
supercalss is: class java.lang.Object
pds.getName(): field2
supercalss is: class java.lang.Object
pds.getName(): field3
supercalss is: class java.lang.Object
pds.getName(): state
supercalss is: null
pds.getName(): simConfig2
supercalss is: class com.emoney.finance.emx.Config
pds.getName(): class
pds.getName(): field1
pds.getName(): field2
pds.getName(): field3
pds.getName(): state
pds.getName(): systemConfig
pds.getName(): class
pds.getName(): field1
pds.getName(): field2
pds.getName(): field3
pds.getName(): state
pds.getName(): systemConfig
pds.getName(): class
pds.getName(): field1
pds.getName(): field2
pds.getName(): field3
pds.getName(): state
pds.getName(): systemConfig
pds.getName(): class
pds.getName(): field1
pds.getName(): field2
pds.getName(): field3
pds.getName(): state
pds.getName(): systemConfig
pds.getName(): class
pds.getName(): field1
pds.getName(): field2
pds.getName(): field3
pds.getName(): state
pds.getName(): systemConfig
pds.getName(): class
pds.getName(): field1
pds.getName(): field2
pds.getName(): field3
pds.getName(): state
pds.getName(): systemConfig
pds.getName(): class
pds.getName(): field1
pds.getName(): field2
pds.getName(): field3
pds.getName(): state
pds.getName(): systemConfig
pds.getName(): class
pds.getName(): field1
pds.getName(): field2
pds.getName(): field3
pds.getName(): state
pds.getName(): systemConfig
pds.getName(): class
pds.getName(): field1
pds.getName(): field2
pds.getName(): field3
pds.getName(): state
pds.getName(): systemConfig
pds.getName(): class
pds.getName(): field1
pds.getName(): field2
pds.getName(): field3
pds.getName(): state
pds.getName(): systemConfig
pds.getName(): class
pds.getName(): field1
pds.getName(): field2
pds.getName(): field3
pds.getName(): state
pds.getName(): systemConfig
pds.getName(): class
pds.getName(): field1
pds.getName(): field2
pds.getName(): field3
pds.getName(): state
pds.getName(): systemConfig
pds.getName(): class
pds.getName(): field1
pds.getName(): field2
pds.getName(): field3
pds.getName(): state
pds.getName(): systemConfig
pds.getName(): class
pds.getName(): field1
pds.getName(): field2
pds.getName(): field3
pds.getName(): state
pds.getName(): systemConfig
pds.getName(): class
pds.getName(): field1
pds.getName(): field2
pds.getName(): field3
pds.getName(): state
pds.getName(): systemConfig
pds.getName(): class
pds.getName(): field1
pds.getName(): field2
pds.getName(): field3
pds.getName(): state
pds.getName(): systemConfig
pds.getName(): class
pds.getName(): field1
pds.getName(): field2
pds.getName(): field3
pds.getName(): state
pds.getName(): systemConfig
pds.getName(): class
pds.getName(): field1
pds.getName(): field2
pds.getName(): field3
pds.getName(): state
pds.getName(): systemConfig
pds.getName(): class
pds.getName(): field1
pds.getName(): field2
pds.getName(): field3
pds.getName(): state
pds.getName(): systemConfig
pds.getName(): class
pds.getName(): field1
pds.getName(): field2
pds.getName(): field3
pds.getName(): state
pds.getName(): systemConfig
pds.getName(): class
pds.getName(): field1
pds.getName(): field2
pds.getName(): field3
pds.getName(): state
pds.getName(): systemConfig
pds.getName(): class
pds.getName(): field1
pds.getName(): field2
pds.getName(): field3
pds.getName(): state
pds.getName(): systemConfig
pds.getName(): class
pds.getName(): field1
pds.getName(): field2
pds.getName(): field3
pds.getName(): state
pds.getName(): systemConfig
pds.getName(): class
pds.getName(): field1
pds.getName(): field2
pds.getName(): field3
pds.getName(): state
pds.getName(): systemConfig
pds.getName(): class
pds.getName(): field1
pds.getName(): field2
pds.getName(): field3
pds.getName(): state
pds.getName(): systemConfig
pds.getName(): class
pds.getName(): field1
pds.getName(): field2
pds.getName(): field3
pds.getName(): state
pds.getName(): systemConfig
pds.getName(): class
pds.getName(): field1
pds.getName(): field2
pds.getName(): field3
pds.getName(): state
pds.getName(): systemConfig
pds.getName(): class
pds.getName(): field1
pds.getName(): field2
pds.getName(): field3
pds.getName(): state
pds.getName(): systemConfig
pds.getName(): class
pds.getName(): field1
pds.getName(): field2
pds.getName(): field3
pds.getName(): state
pds.getName(): systemConfig
pds.getName(): class
pds.getName(): field1
pds.getName(): field2
pds.getName(): field3
pds.getName(): state
pds.getName(): systemConfig
pds.getName(): class
pds.getName(): field1
pds.getName(): field2
pds.getName(): field3
pds.getName(): state
pds.getName(): systemConfig
pds.getName(): class
pds.getName(): field1
pds.getName(): field2
pds.getName(): field3
pds.getName(): state
pds.getName(): systemConfig
pds.getName(): class
pds.getName(): field1
pds.getName(): field2
pds.getName(): field3
pds.getName(): state
pds.getName(): systemConfig
pds.getName(): class
pds.getName(): field1
pds.getName(): field2
pds.getName(): field3
pds.getName(): state
pds.getName(): systemConfig
pds.getName(): class
pds.getName(): field1
pds.getName(): field2
pds.getName(): field3
pds.getName(): state
pds.getName(): systemConfig
pds.getName(): class
pds.getName(): field1
pds.getName(): field2
pds.getName(): field3
pds.getName(): state
pds.getName(): systemConfig
pds.getName(): class
pds.getName(): field1
pds.getName(): field2
pds.getName(): field3
pds.getName(): state
pds.getName(): systemConfig
pds.getName(): class
pds.getName(): field1
pds.getName(): field2
pds.getName(): field3
pds.getName(): state
pds.getName(): systemConfig
pds.getName(): class
pds.getName(): field1
pds.getName(): field2
pds.getName(): field3
pds.getName(): state
pds.getName(): systemConfig
pds.getName(): class
pds.getName(): field1
supercalss is: class java.lang.Object
pds.getName(): field2
supercalss is: class java.lang.Object
pds.getName(): field3
supercalss is: class java.lang.Object
pds.getName(): state
supercalss is: null
pds.getName(): systemConfig
supercalss is: class com.emoney.finance.emx.Config
pds.getName(): class
pds.getName(): field1
pds.getName(): field2
pds.getName(): field3
pds.getName(): state
pds.getName(): class
pds.getName(): field1
pds.getName(): field2
pds.getName(): field3
pds.getName(): state
pds.getName(): class
pds.getName(): field1
pds.getName(): field2
pds.getName(): field3
pds.getName(): state
pds.getName(): class
pds.getName(): field1
pds.getName(): field2
pds.getName(): field3
pds.getName(): state
pds.getName(): class
pds.getName(): field1
pds.getName(): field2
pds.getName(): field3
pds.getName(): state
pds.getName(): class
pds.getName(): field1
pds.getName(): field2
pds.getName(): field3
pds.getName(): state
pds.getName(): class
pds.getName(): field1
pds.getName(): field2
pds.getName(): field3
pds.getName(): state
pds.getName(): class
pds.getName(): field1
pds.getName(): field2
pds.getName(): field3
pds.getName(): state
pds.getName(): class
pds.getName(): field1
pds.getName(): field2
pds.getName(): field3
pds.getName(): state
pds.getName(): class
pds.getName(): field1
pds.getName(): field2
pds.getName(): field3
pds.getName(): state
pds.getName(): class
pds.getName(): field1
pds.getName(): field2
pds.getName(): field3
pds.getName(): state
pds.getName(): class
pds.getName(): field1
pds.getName(): field2
pds.getName(): field3
pds.getName(): state
pds.getName(): class
pds.getName(): field1
pds.getName(): field2
pds.getName(): field3
pds.getName(): state
pds.getName(): class
pds.getName(): field1
pds.getName(): field2
pds.getName(): field3
pds.getName(): state
pds.getName(): class
pds.getName(): field1
pds.getName(): field2
pds.getName(): field3
pds.getName(): state
pds.getName(): class
pds.getName(): field1
pds.getName(): field2
pds.getName(): field3
pds.getName(): state
pds.getName(): class
pds.getName(): field1
pds.getName(): field2
pds.getName(): field3
pds.getName(): state
pds.getName(): class
pds.getName(): field1
pds.getName(): field2
pds.getName(): field3
pds.getName(): state
pds.getName(): class
pds.getName(): field1
pds.getName(): field2
pds.getName(): field3
pds.getName(): state
pds.getName(): class
pds.getName(): field1
pds.getName(): field2
pds.getName(): field3
pds.getName(): state
pds.getName(): class
pds.getName(): field1
pds.getName(): field2
pds.getName(): field3
pds.getName(): state
pds.getName(): class
pds.getName(): field1
pds.getName(): field2
pds.getName(): field3
pds.getName(): state
pds.getName(): class
pds.getName(): field1
pds.getName(): field2
pds.getName(): field3
pds.getName(): state
pds.getName(): class
pds.getName(): field1
pds.getName(): field2
pds.getName(): field3
pds.getName(): state
pds.getName(): class
pds.getName(): field1
pds.getName(): field2
pds.getName(): field3
pds.getName(): state
pds.getName(): class
pds.getName(): field1
pds.getName(): field2
pds.getName(): field3
pds.getName(): state
pds.getName(): class
pds.getName(): field1
pds.getName(): field2
pds.getName(): field3
pds.getName(): state
pds.getName(): class
pds.getName(): field1
pds.getName(): field2
pds.getName(): field3
pds.getName(): state
pds.getName(): class
pds.getName(): field1
pds.getName(): field2
pds.getName(): field3
pds.getName(): state
pds.getName(): class
pds.getName(): field1
pds.getName(): field2
pds.getName(): field3
pds.getName(): state
pds.getName(): class
pds.getName(): field1
pds.getName(): field2
pds.getName(): field3
pds.getName(): state
pds.getName(): class
pds.getName(): field1
pds.getName(): field2
pds.getName(): field3
pds.getName(): state
pds.getName(): class
pds.getName(): field1
pds.getName(): field2
pds.getName(): field3
pds.getName(): state
pds.getName(): class
pds.getName(): field1
pds.getName(): field2
pds.getName(): field3
pds.getName(): state
pds.getName(): class
pds.getName(): field1
pds.getName(): field2
pds.getName(): field3
pds.getName(): state
pds.getName(): class
pds.getName(): field1
pds.getName(): field2
pds.getName(): field3
pds.getName(): state
pds.getName(): class
pds.getName(): field1
pds.getName(): field2
pds.getName(): field3
pds.getName(): state
pds.getName(): class
pds.getName(): field1
pds.getName(): field2
pds.getName(): field3
pds.getName(): state
pds.getName(): class
pds.getName(): field1
pds.getName(): field2
pds.getName(): field3
pds.getName(): state
pds.getName(): class
pds.getName(): field1
supercalss is: class java.lang.Object
pds.getName(): field2
supercalss is: class java.lang.Object
pds.getName(): field3
supercalss is: class java.lang.Object
pds.getName(): state
supercalss is: null
pds.getName(): simConfig3
supercalss is: class com.emoney.finance.emx.Config
pds.getName(): class
pds.getName(): field1
pds.getName(): field2
pds.getName(): field3
pds.getName(): state
pds.getName(): systemConfig
pds.getName(): class
pds.getName(): field1
pds.getName(): field2
pds.getName(): field3
pds.getName(): state
pds.getName(): systemConfig
pds.getName(): class
pds.getName(): field1
pds.getName(): field2
pds.getName(): field3
pds.getName(): state
pds.getName(): systemConfig
pds.getName(): class
pds.getName(): field1
pds.getName(): field2
pds.getName(): field3
pds.getName(): state
pds.getName(): systemConfig
pds.getName(): class
pds.getName(): field1
pds.getName(): field2
pds.getName(): field3
pds.getName(): state
pds.getName(): systemConfig
pds.getName(): class
pds.getName(): field1
pds.getName(): field2
pds.getName(): field3
pds.getName(): state
pds.getName(): systemConfig
pds.getName(): class
pds.getName(): field1
pds.getName(): field2
pds.getName(): field3
pds.getName(): state
pds.getName(): systemConfig
pds.getName(): class
pds.getName(): field1
pds.getName(): field2
pds.getName(): field3
pds.getName(): state
pds.getName(): systemConfig
pds.getName(): class
pds.getName(): field1
pds.getName(): field2
pds.getName(): field3
pds.getName(): state
pds.getName(): systemConfig
pds.getName(): class
pds.getName(): field1
pds.getName(): field2
pds.getName(): field3
pds.getName(): state
pds.getName(): systemConfig
pds.getName(): class
pds.getName(): field1
pds.getName(): field2
pds.getName(): field3
pds.getName(): state
pds.getName(): systemConfig
pds.getName(): class
pds.getName(): field1
pds.getName(): field2
pds.getName(): field3
pds.getName(): state
pds.getName(): systemConfig
pds.getName(): class
pds.getName(): field1
pds.getName(): field2
pds.getName(): field3
pds.getName(): state
pds.getName(): systemConfig
pds.getName(): class
pds.getName(): field1
pds.getName(): field2
pds.getName(): field3
pds.getName(): state
pds.getName(): systemConfig
pds.getName(): class
pds.getName(): field1
pds.getName(): field2
pds.getName(): field3
pds.getName(): state
pds.getName(): systemConfig
pds.getName(): class
pds.getName(): field1
pds.getName(): field2
pds.getName(): field3
pds.getName(): state
pds.getName(): systemConfig
pds.getName(): class
pds.getName(): field1
pds.getName(): field2
pds.getName(): field3
pds.getName(): state
pds.getName(): systemConfig
pds.getName(): class
pds.getName(): field1
pds.getName(): field2
pds.getName(): field3
pds.getName(): state
pds.getName(): systemConfig
pds.getName(): class
pds.getName(): field1
pds.getName(): field2
pds.getName(): field3
pds.getName(): state
pds.getName(): systemConfig
pds.getName(): class
pds.getName(): field1
pds.getName(): field2
pds.getName(): field3
pds.getName(): state
pds.getName(): systemConfig
pds.getName(): class
pds.getName(): field1
pds.getName(): field2
pds.getName(): field3
pds.getName(): state
pds.getName(): systemConfig
pds.getName(): class
pds.getName(): field1
pds.getName(): field2
pds.getName(): field3
pds.getName(): state
pds.getName(): systemConfig
pds.getName(): class
pds.getName(): field1
pds.getName(): field2
pds.getName(): field3
pds.getName(): state
pds.getName(): systemConfig
pds.getName(): class
pds.getName(): field1
pds.getName(): field2
pds.getName(): field3
pds.getName(): state
pds.getName(): systemConfig
pds.getName(): class
pds.getName(): field1
pds.getName(): field2
pds.getName(): field3
pds.getName(): state
pds.getName(): systemConfig
pds.getName(): class
pds.getName(): field1
pds.getName(): field2
pds.getName(): field3
pds.getName(): state
pds.getName(): systemConfig
pds.getName(): class
pds.getName(): field1
pds.getName(): field2
pds.getName(): field3
pds.getName(): state
pds.getName(): systemConfig
pds.getName(): class
pds.getName(): field1
pds.getName(): field2
pds.getName(): field3
pds.getName(): state
pds.getName(): systemConfig
pds.getName(): class
pds.getName(): field1
pds.getName(): field2
pds.getName(): field3
pds.getName(): state
pds.getName(): systemConfig
pds.getName(): class
pds.getName(): field1
pds.getName(): field2
pds.getName(): field3
pds.getName(): state
pds.getName(): systemConfig
pds.getName(): class
pds.getName(): field1
pds.getName(): field2
pds.getName(): field3
pds.getName(): state
pds.getName(): systemConfig
pds.getName(): class
pds.getName(): field1
pds.getName(): field2
pds.getName(): field3
pds.getName(): state
pds.getName(): systemConfig
pds.getName(): class
pds.getName(): field1
pds.getName(): field2
pds.getName(): field3
pds.getName(): state
pds.getName(): systemConfig
pds.getName(): class
pds.getName(): field1
pds.getName(): field2
pds.getName(): field3
pds.getName(): state
pds.getName(): systemConfig
pds.getName(): class
pds.getName(): field1
pds.getName(): field2
pds.getName(): field3
pds.getName(): state
pds.getName(): systemConfig
pds.getName(): class
pds.getName(): field1
pds.getName(): field2
pds.getName(): field3
pds.getName(): state
pds.getName(): systemConfig
pds.getName(): class
pds.getName(): field1
pds.getName(): field2
pds.getName(): field3
pds.getName(): state
pds.getName(): systemConfig
pds.getName(): class
pds.getName(): field1
pds.getName(): field2
pds.getName(): field3
pds.getName(): state
pds.getName(): systemConfig
pds.getName(): class
pds.getName(): field1
pds.getName(): field2
pds.getName(): field3
pds.getName(): state
pds.getName(): systemConfig
pds.getName(): class
pds.getName(): field1
supercalss is: class java.lang.Object
pds.getName(): field2
supercalss is: class java.lang.Object
pds.getName(): field3
supercalss is: class java.lang.Object
pds.getName(): state
supercalss is: null
pds.getName(): systemConfig
supercalss is: class com.emoney.finance.emx.Config
pds.getName(): class
pds.getName(): field1
pds.getName(): field2
pds.getName(): field3
pds.getName(): state
pds.getName(): class
pds.getName(): field1
pds.getName(): field2
pds.getName(): field3
pds.getName(): state
pds.getName(): class
pds.getName(): field1
pds.getName(): field2
pds.getName(): field3
pds.getName(): state
pds.getName(): class
pds.getName(): field1
pds.getName(): field2
pds.getName(): field3
pds.getName(): state
pds.getName(): class
pds.getName(): field1
pds.getName(): field2
pds.getName(): field3
pds.getName(): state
pds.getName(): class
pds.getName(): field1
pds.getName(): field2
pds.getName(): field3
pds.getName(): state
pds.getName(): class
pds.getName(): field1
pds.getName(): field2
pds.getName(): field3
pds.getName(): state
pds.getName(): class
pds.getName(): field1
pds.getName(): field2
pds.getName(): field3
pds.getName(): state
pds.getName(): class
pds.getName(): field1
pds.getName(): field2
pds.getName(): field3
pds.getName(): state
pds.getName(): class
pds.getName(): field1
pds.getName(): field2
pds.getName(): field3
pds.getName(): state
pds.getName(): class
pds.getName(): field1
pds.getName(): field2
pds.getName(): field3
pds.getName(): state
pds.getName(): class
pds.getName(): field1
pds.getName(): field2
pds.getName(): field3
pds.getName(): state
pds.getName(): class
pds.getName(): field1
pds.getName(): field2
pds.getName(): field3
pds.getName(): state
pds.getName(): class
pds.getName(): field1
pds.getName(): field2
pds.getName(): field3
pds.getName(): state
pds.getName(): class
pds.getName(): field1
pds.getName(): field2
pds.getName(): field3
pds.getName(): state
pds.getName(): class
pds.getName(): field1
pds.getName(): field2
pds.getName(): field3
pds.getName(): state
pds.getName(): class
pds.getName(): field1
pds.getName(): field2
pds.getName(): field3
pds.getName(): state
pds.getName(): class
pds.getName(): field1
pds.getName(): field2
pds.getName(): field3
pds.getName(): state
pds.getName(): class
pds.getName(): field1
pds.getName(): field2
pds.getName(): field3
pds.getName(): state
pds.getName(): class
pds.getName(): field1
pds.getName(): field2
pds.getName(): field3
pds.getName(): state
pds.getName(): class
pds.getName(): field1
pds.getName(): field2
pds.getName(): field3
pds.getName(): state
pds.getName(): class
pds.getName(): field1
pds.getName(): field2
pds.getName(): field3
pds.getName(): state
pds.getName(): class
pds.getName(): field1
pds.getName(): field2
pds.getName(): field3
pds.getName(): state
pds.getName(): class
pds.getName(): field1
pds.getName(): field2
pds.getName(): field3
pds.getName(): state
pds.getName(): class
pds.getName(): field1
pds.getName(): field2
pds.getName(): field3
pds.getName(): state
pds.getName(): class
pds.getName(): field1
pds.getName(): field2
pds.getName(): field3
pds.getName(): state
pds.getName(): class
pds.getName(): field1
pds.getName(): field2
pds.getName(): field3
pds.getName(): state
pds.getName(): class
pds.getName(): field1
pds.getName(): field2
pds.getName(): field3
pds.getName(): state
pds.getName(): class
pds.getName(): field1
pds.getName(): field2
pds.getName(): field3
pds.getName(): state
pds.getName(): class
pds.getName(): field1
pds.getName(): field2
pds.getName(): field3
pds.getName(): state
pds.getName(): class
pds.getName(): field1
pds.getName(): field2
pds.getName(): field3
pds.getName(): state
pds.getName(): class
pds.getName(): field1
pds.getName(): field2
pds.getName(): field3
pds.getName(): state
pds.getName(): class
pds.getName(): field1
pds.getName(): field2
pds.getName(): field3
pds.getName(): state
pds.getName(): class
pds.getName(): field1
pds.getName(): field2
pds.getName(): field3
pds.getName(): state
pds.getName(): class
pds.getName(): field1
pds.getName(): field2
pds.getName(): field3
pds.getName(): state
pds.getName(): class
pds.getName(): field1
pds.getName(): field2
pds.getName(): field3
pds.getName(): state
pds.getName(): class
pds.getName(): field1
pds.getName(): field2
pds.getName(): field3
pds.getName(): state
pds.getName(): class
pds.getName(): field1
pds.getName(): field2
pds.getName(): field3
pds.getName(): state
pds.getName(): class
pds.getName(): field1
pds.getName(): field2
pds.getName(): field3
pds.getName(): state
pds.getName(): class
pds.getName(): field1
supercalss is: class java.lang.Object
pds.getName(): field2
supercalss is: class java.lang.Object
pds.getName(): field3
supercalss is: class java.lang.Object
pds.getName(): state
supercalss is: null
pds.getName(): simConfig4
supercalss is: class com.emoney.finance.emx.Config
pds.getName(): class
pds.getName(): field1
pds.getName(): field2
pds.getName(): field3
pds.getName(): state
pds.getName(): systemConfig
pds.getName(): class
pds.getName(): field1
pds.getName(): field2
pds.getName(): field3
pds.getName(): state
pds.getName(): systemConfig
pds.getName(): class
pds.getName(): field1
pds.getName(): field2
pds.getName(): field3
pds.getName(): state
pds.getName(): systemConfig
pds.getName(): class
pds.getName(): field1
pds.getName(): field2
pds.getName(): field3
pds.getName(): state
pds.getName(): systemConfig
pds.getName(): class
pds.getName(): field1
pds.getName(): field2
pds.getName(): field3
pds.getName(): state
pds.getName(): systemConfig
pds.getName(): class
pds.getName(): field1
pds.getName(): field2
pds.getName(): field3
pds.getName(): state
pds.getName(): systemConfig
pds.getName(): class
pds.getName(): field1
pds.getName(): field2
pds.getName(): field3
pds.getName(): state
pds.getName(): systemConfig
pds.getName(): class
pds.getName(): field1
pds.getName(): field2
pds.getName(): field3
pds.getName(): state
pds.getName(): systemConfig
pds.getName(): class
pds.getName(): field1
pds.getName(): field2
pds.getName(): field3
pds.getName(): state
pds.getName(): systemConfig
pds.getName(): class
pds.getName(): field1
pds.getName(): field2
pds.getName(): field3
pds.getName(): state
pds.getName(): systemConfig
pds.getName(): class
pds.getName(): field1
pds.getName(): field2
pds.getName(): field3
pds.getName(): state
pds.getName(): systemConfig
pds.getName(): class
pds.getName(): field1
pds.getName(): field2
pds.getName(): field3
pds.getName(): state
pds.getName(): systemConfig
pds.getName(): class
pds.getName(): field1
pds.getName(): field2
pds.getName(): field3
pds.getName(): state
pds.getName(): systemConfig
pds.getName(): class
pds.getName(): field1
pds.getName(): field2
pds.getName(): field3
pds.getName(): state
pds.getName(): systemConfig
pds.getName(): class
pds.getName(): field1
pds.getName(): field2
pds.getName(): field3
pds.getName(): state
pds.getName(): systemConfig
pds.getName(): class
pds.getName(): field1
pds.getName(): field2
pds.getName(): field3
pds.getName(): state
pds.getName(): systemConfig
pds.getName(): class
pds.getName(): field1
pds.getName(): field2
pds.getName(): field3
pds.getName(): state
pds.getName(): systemConfig
pds.getName(): class
pds.getName(): field1
pds.getName(): field2
pds.getName(): field3
pds.getName(): state
pds.getName(): systemConfig
pds.getName(): class
pds.getName(): field1
pds.getName(): field2
pds.getName(): field3
pds.getName(): state
pds.getName(): systemConfig
pds.getName(): class
pds.getName(): field1
pds.getName(): field2
pds.getName(): field3
pds.getName(): state
pds.getName(): systemConfig
pds.getName(): class
pds.getName(): field1
pds.getName(): field2
pds.getName(): field3
pds.getName(): state
pds.getName(): systemConfig
pds.getName(): class
pds.getName(): field1
pds.getName(): field2
pds.getName(): field3
pds.getName(): state
pds.getName(): systemConfig
pds.getName(): class
pds.getName(): field1
pds.getName(): field2
pds.getName(): field3
pds.getName(): state
pds.getName(): systemConfig
pds.getName(): class
pds.getName(): field1
pds.getName(): field2
pds.getName(): field3
pds.getName(): state
pds.getName(): systemConfig
pds.getName(): class
pds.getName(): field1
pds.getName(): field2
pds.getName(): field3
pds.getName(): state
pds.getName(): systemConfig
pds.getName(): class
pds.getName(): field1
pds.getName(): field2
pds.getName(): field3
pds.getName(): state
pds.getName(): systemConfig
pds.getName(): class
pds.getName(): field1
pds.getName(): field2
pds.getName(): field3
pds.getName(): state
pds.getName(): systemConfig
pds.getName(): class
pds.getName(): field1
pds.getName(): field2
pds.getName(): field3
pds.getName(): state
pds.getName(): systemConfig
pds.getName(): class
pds.getName(): field1
pds.getName(): field2
pds.getName(): field3
pds.getName(): state
pds.getName(): systemConfig
pds.getName(): class
pds.getName(): field1
pds.getName(): field2
pds.getName(): field3
pds.getName(): state
pds.getName(): systemConfig
pds.getName(): class
pds.getName(): field1
pds.getName(): field2
pds.getName(): field3
pds.getName(): state
pds.getName(): systemConfig
pds.getName(): class
pds.getName(): field1
pds.getName(): field2
pds.getName(): field3
pds.getName(): state
pds.getName(): systemConfig
pds.getName(): class
pds.getName(): field1
pds.getName(): field2
pds.getName(): field3
pds.getName(): state
pds.getName(): systemConfig
pds.getName(): class
pds.getName(): field1
pds.getName(): field2
pds.getName(): field3
pds.getName(): state
pds.getName(): systemConfig
pds.getName(): class
pds.getName(): field1
pds.getName(): field2
pds.getName(): field3
pds.getName(): state
pds.getName(): systemConfig
pds.getName(): class
pds.getName(): field1
pds.getName(): field2
pds.getName(): field3
pds.getName(): state
pds.getName(): systemConfig
pds.getName(): class
pds.getName(): field1
pds.getName(): field2
pds.getName(): field3
pds.getName(): state
pds.getName(): systemConfig
pds.getName(): class
pds.getName(): field1
pds.getName(): field2
pds.getName(): field3
pds.getName(): state
pds.getName(): systemConfig
pds.getName(): class
pds.getName(): field1
pds.getName(): field2
pds.getName(): field3
pds.getName(): state
pds.getName(): systemConfig
pds.getName(): class
pds.getName(): field1
supercalss is: class java.lang.Object
pds.getName(): field2
supercalss is: class java.lang.Object
pds.getName(): field3
supercalss is: class java.lang.Object
pds.getName(): state
supercalss is: null
pds.getName(): systemConfig
supercalss is: class com.emoney.finance.emx.Config
pds.getName(): class
pds.getName(): field1
pds.getName(): field2
pds.getName(): field3
pds.getName(): state
pds.getName(): class
pds.getName(): field1
pds.getName(): field2
pds.getName(): field3
pds.getName(): state
pds.getName(): class
pds.getName(): field1
pds.getName(): field2
pds.getName(): field3
pds.getName(): state
pds.getName(): class
pds.getName(): field1
pds.getName(): field2
pds.getName(): field3
pds.getName(): state
pds.getName(): class
pds.getName(): field1
pds.getName(): field2
pds.getName(): field3
pds.getName(): state
pds.getName(): class
pds.getName(): field1
pds.getName(): field2
pds.getName(): field3
pds.getName(): state
pds.getName(): class
pds.getName(): field1
pds.getName(): field2
pds.getName(): field3
pds.getName(): state
pds.getName(): class
pds.getName(): field1
pds.getName(): field2
pds.getName(): field3
pds.getName(): state
pds.getName(): class
pds.getName(): field1
pds.getName(): field2
pds.getName(): field3
pds.getName(): state
pds.getName(): class
pds.getName(): field1
pds.getName(): field2
pds.getName(): field3
pds.getName(): state
pds.getName(): class
pds.getName(): field1
pds.getName(): field2
pds.getName(): field3
pds.getName(): state
pds.getName(): class
pds.getName(): field1
pds.getName(): field2
pds.getName(): field3
pds.getName(): state
pds.getName(): class
pds.getName(): field1
pds.getName(): field2
pds.getName(): field3
pds.getName(): state
pds.getName(): class
pds.getName(): field1
pds.getName(): field2
pds.getName(): field3
pds.getName(): state
pds.getName(): class
pds.getName(): field1
pds.getName(): field2
pds.getName(): field3
pds.getName(): state
pds.getName(): class
pds.getName(): field1
pds.getName(): field2
pds.getName(): field3
pds.getName(): state
pds.getName(): class
pds.getName(): field1
pds.getName(): field2
pds.getName(): field3
pds.getName(): state
pds.getName(): class
pds.getName(): field1
pds.getName(): field2
pds.getName(): field3
pds.getName(): state
pds.getName(): class
pds.getName(): field1
pds.getName(): field2
pds.getName(): field3
pds.getName(): state
pds.getName(): class
pds.getName(): field1
pds.getName(): field2
pds.getName(): field3
pds.getName(): state
pds.getName(): class
pds.getName(): field1
pds.getName(): field2
pds.getName(): field3
pds.getName(): state
pds.getName(): class
pds.getName(): field1
pds.getName(): field2
pds.getName(): field3
pds.getName(): state
pds.getName(): class
pds.getName(): field1
pds.getName(): field2
pds.getName(): field3
pds.getName(): state
pds.getName(): class
pds.getName(): field1
pds.getName(): field2
pds.getName(): field3
pds.getName(): state
pds.getName(): class
pds.getName(): field1
pds.getName(): field2
pds.getName(): field3
pds.getName(): state
pds.getName(): class
pds.getName(): field1
pds.getName(): field2
pds.getName(): field3
pds.getName(): state
pds.getName(): class
pds.getName(): field1
pds.getName(): field2
pds.getName(): field3
pds.getName(): state
pds.getName(): class
pds.getName(): field1
pds.getName(): field2
pds.getName(): field3
pds.getName(): state
pds.getName(): class
pds.getName(): field1
pds.getName(): field2
pds.getName(): field3
pds.getName(): state
pds.getName(): class
pds.getName(): field1
pds.getName(): field2
pds.getName(): field3
pds.getName(): state
pds.getName(): class
pds.getName(): field1
pds.getName(): field2
pds.getName(): field3
pds.getName(): state
pds.getName(): class
pds.getName(): field1
pds.getName(): field2
pds.getName(): field3
pds.getName(): state
pds.getName(): class
pds.getName(): field1
pds.getName(): field2
pds.getName(): field3
pds.getName(): state
pds.getName(): class
pds.getName(): field1
pds.getName(): field2
pds.getName(): field3
pds.getName(): state
pds.getName(): class
pds.getName(): field1
pds.getName(): field2
pds.getName(): field3
pds.getName(): state
pds.getName(): class
pds.getName(): field1
pds.getName(): field2
pds.getName(): field3
pds.getName(): state
pds.getName(): class
pds.getName(): field1
pds.getName(): field2
pds.getName(): field3
pds.getName(): state
pds.getName(): class
pds.getName(): field1
pds.getName(): field2
pds.getName(): field3
pds.getName(): state
pds.getName(): class
pds.getName(): field1
pds.getName(): field2
pds.getName(): field3
pds.getName(): state
pds.getName(): class
pds.getName(): field1
supercalss is: class java.lang.Object
pds.getName(): field2
supercalss is: class java.lang.Object
pds.getName(): field3
supercalss is: class java.lang.Object
pds.getName(): state
supercalss is: null
pds.getName(): simConfig5
supercalss is: class com.emoney.finance.emx.Config
pds.getName(): class
pds.getName(): field1
pds.getName(): field2
pds.getName(): field3
pds.getName(): state
pds.getName(): systemConfig
pds.getName(): class
pds.getName(): field1
pds.getName(): field2
pds.getName(): field3
pds.getName(): state
pds.getName(): systemConfig
pds.getName(): class
pds.getName(): field1
pds.getName(): field2
pds.getName(): field3
pds.getName(): state
pds.getName(): systemConfig
pds.getName(): class
pds.getName(): field1
pds.getName(): field2
pds.getName(): field3
pds.getName(): state
pds.getName(): systemConfig
pds.getName(): class
pds.getName(): field1
pds.getName(): field2
pds.getName(): field3
pds.getName(): state
pds.getName(): systemConfig
pds.getName(): class
pds.getName(): field1
pds.getName(): field2
pds.getName(): field3
pds.getName(): state
pds.getName(): systemConfig
pds.getName(): class
pds.getName(): field1
pds.getName(): field2
pds.getName(): field3
pds.getName(): state
pds.getName(): systemConfig
pds.getName(): class
pds.getName(): field1
pds.getName(): field2
pds.getName(): field3
pds.getName(): state
pds.getName(): systemConfig
pds.getName(): class
pds.getName(): field1
pds.getName(): field2
pds.getName(): field3
pds.getName(): state
pds.getName(): systemConfig
pds.getName(): class
pds.getName(): field1
pds.getName(): field2
pds.getName(): field3
pds.getName(): state
pds.getName(): systemConfig
pds.getName(): class
pds.getName(): field1
pds.getName(): field2
pds.getName(): field3
pds.getName(): state
pds.getName(): systemConfig
pds.getName(): class
pds.getName(): field1
pds.getName(): field2
pds.getName(): field3
pds.getName(): state
pds.getName(): systemConfig
pds.getName(): class
pds.getName(): field1
pds.getName(): field2
pds.getName(): field3
pds.getName(): state
pds.getName(): systemConfig
pds.getName(): class
pds.getName(): field1
[...]
pds.getName(): systemConfig
pds.getName(): class
pds.getName(): field1
pds.getName(): field2
pds.getName(): field3
pds.getName(): state
pds.getName(): systemConfig
pds.getName(): class
pds.getName(): field1
pds.getName(): field2
pds.getName(): field3
pds.getName(): state
pds.getName(): systemConfig
pds.getName(): class
pds.getName(): field1
pds.getName(): field2
pds.getName(): field3
pds.getName(): state
pds.getName(): systemConfig
pds.getName(): class
pds.getName(): field1
supercalss is: class java.lang.Object
pds.getName(): field2
supercalss is: class java.lang.Object
pds.getName(): field3
supercalss is: class java.lang.Object
pds.getName(): state
supercalss is: null
pds.getName(): systemConfig
supercalss is: class com.emoney.finance.emx.Config
pds.getName(): class
pds.getName(): field1
pds.getName(): field2
pds.getName(): field3
pds.getName(): state
pds.getName(): class
pds.getName(): field1
pds.getName(): field2
pds.getName(): field3
pds.getName(): state
pds.getName(): class
pds.getName(): field1
pds.getName(): field2
pds.getName(): field3
pds.getName(): state
pds.getName(): class
pds.getName(): field1
pds.getName(): field2
pds.getName(): field3
pds.getName(): state
pds.getName(): class
pds.getName(): field1
pds.getName(): field2
pds.getName(): field3
pds.getName(): state
pds.getName(): class
pds.getName(): field1
pds.getName(): field2
pds.getName(): field3
pds.getName(): state
pds.getName(): class
pds.getName(): field1
pds.getName(): field2
pds.getName(): field3
pds.getName(): state
pds.getName(): class
pds.getName(): field1
pds.getName(): field2
pds.getName(): field3
pds.getName(): state
pds.getName(): class
pds.getName(): field1
pds.getName(): field2
pds.getName(): field3
pds.getName(): state
pds.getName(): class
pds.getName(): field1
pds.getName(): field2
pds.getName(): field3
pds.getName(): state
pds.getName(): class
pds.getName(): field1
pds.getName(): field2
pds.getName(): field3
pds.getName(): state
pds.getName(): class
pds.getName(): field1
pds.getName(): field2
pds.getName(): field3
pds.getName(): state
pds.getName(): class
pds.getName(): field1
pds.getName(): field2
pds.getName(): field3
pds.getName(): state
pds.getName(): class
pds.getName(): field1
pds.getName(): field2
pds.getName(): field3
pds.getName(): state
pds.getName(): class
pds.getName(): field1
pds.getName(): field2
pds.getName(): field3
pds.getName(): state
pds.getName(): class
pds.getName(): field1
pds.getName(): field2
pds.getName(): field3
pds.getName(): state
pds.getName(): class
pds.getName(): field1
pds.getName(): field2
pds.getName(): field3
pds.getName(): state
pds.getName(): class
pds.getName(): field1
pds.getName(): field2
pds.getName(): field3
pds.getName(): state
pds.getName(): class
pds.getName(): field1
pds.getName(): field2
pds.getName(): field3
pds.getName(): state
pds.getName(): class
pds.getName(): field1
pds.getName(): field2
pds.getName(): field3
pds.getName(): state
pds.getName(): class
pds.getName(): field1
pds.getName(): field2
pds.getName(): field3
pds.getName(): state
pds.getName(): class
pds.getName(): field1
pds.getName(): field2
pds.getName(): field3
pds.getName(): state
pds.getName(): class
pds.getName(): field1
pds.getName(): field2
pds.getName(): field3
pds.getName(): state
pds.getName(): class
pds.getName(): field1
pds.getName(): field2
pds.getName(): field3
pds.getName(): state
pds.getName(): class
pds.getName(): field1
pds.getName(): field2
pds.getName(): field3
pds.getName(): state
pds.getName(): class
pds.getName(): field1
pds.getName(): field2
pds.getName(): field3
pds.getName(): state
pds.getName(): class
pds.getName(): field1
pds.getName(): field2
pds.getName(): field3
pds.getName(): state
pds.getName(): class
pds.getName(): field1
pds.getName(): field2
pds.getName(): field3
pds.getName(): state
pds.getName(): class
pds.getName(): field1
pds.getName(): field2
pds.getName(): field3
pds.getName(): state
pds.getName(): class
pds.getName(): field1
pds.getName(): field2
pds.getName(): field3
pds.getName(): state
pds.getName(): class
pds.getName(): field1
pds.getName(): field2
pds.getName(): field3
pds.getName(): state
pds.getName(): class
pds.getName(): field1
pds.getName(): field2
pds.getName(): field3
pds.getName(): state
pds.getName(): class
pds.getName(): field1
pds.getName(): field2
pds.getName(): field3
pds.getName(): state
pds.getName(): class
pds.getName(): field1
pds.getName(): field2
pds.getName(): field3
pds.getName(): state
pds.getName(): class
pds.getName(): field1
pds.getName(): field2
pds.getName(): field3
pds.getName(): state
pds.getName(): class
pds.getName(): field1
pds.getName(): field2
pds.getName(): field3
pds.getName(): state
pds.getName(): class
pds.getName(): field1
pds.getName(): field2
pds.getName(): field3
pds.getName(): state
pds.getName(): class
pds.getName(): field1
pds.getName(): field2
pds.getName(): field3
pds.getName(): state
pds.getName(): class
pds.getName(): field1
pds.getName(): field2
pds.getName(): field3
pds.getName(): state
pds.getName(): class
pds.getName(): field1
supercalss is: class java.lang.Object
pds.getName(): field2
supercalss is: class java.lang.Object
pds.getName(): field3
supercalss is: class java.lang.Object
pds.getName(): state
supercalss is: null
pds.getName(): simConfig9
supercalss is: class com.emoney.finance.emx.Config
pds.getName(): class
pds.getName(): field1
pds.getName(): field2
pds.getName(): field3
pds.getName(): state
pds.getName(): systemConfig
pds.getName(): class
pds.getName(): field1
pds.getName(): field2
pds.getName(): field3
pds.getName(): state
pds.getName(): systemConfig
pds.getName(): class
pds.getName(): field1
pds.getName(): field2
pds.getName(): field3
pds.getName(): state
pds.getName(): systemConfig
pds.getName(): class
pds.getName(): field1
pds.getName(): field2
pds.getName(): field3
pds.getName(): state
pds.getName(): systemConfig
pds.getName(): class
pds.getName(): field1
pds.getName(): field2
pds.getName(): field3
pds.getName(): state
pds.getName(): systemConfig
pds.getName(): class
pds.getName(): field1
pds.getName(): field2
pds.getName(): field3
pds.getName(): state
pds.getName(): systemConfig
pds.getName(): class
pds.getName(): field1
pds.getName(): field2
pds.getName(): field3
pds.getName(): state
pds.getName(): systemConfig
pds.getName(): class
pds.getName(): field1
pds.getName(): field2
pds.getName(): field3
pds.getName(): state
pds.getName(): systemConfig
pds.getName(): class
pds.getName(): field1
pds.getName(): field2
pds.getName(): field3
pds.getName(): state
pds.getName(): systemConfig
pds.getName(): class
pds.getName(): field1
pds.getName(): field2
pds.getName(): field3
pds.getName(): state
pds.getName(): systemConfig
pds.getName(): class
pds.getName(): field1
pds.getName(): field2
pds.getName(): field3
pds.getName(): state
pds.getName(): systemConfig
pds.getName(): class
pds.getName(): field1
pds.getName(): field2
pds.getName(): field3
pds.getName(): state
pds.getName(): systemConfig
pds.getName(): class
pds.getName(): field1
pds.getName(): field2
pds.getName(): field3
pds.getName(): state
pds.getName(): systemConfig
pds.getName(): class
pds.getName(): field1
pds.getName(): field2
pds.getName(): field3
pds.getName(): state
pds.getName(): systemConfig
pds.getName(): class
pds.getName(): field1
pds.getName(): field2
pds.getName(): field3
pds.getName(): state
pds.getName(): systemConfig
pds.getName(): class
pds.getName(): field1
pds.getName(): field2
pds.getName(): field3
pds.getName(): state
pds.getName(): systemConfig
pds.getName(): class
pds.getName(): field1
pds.getName(): field2
pds.getName(): field3
pds.getName(): state
pds.getName(): systemConfig
pds.getName(): class
pds.getName(): field1
pds.getName(): field2
pds.getName(): field3
pds.getName(): state
pds.getName(): systemConfig
pds.getName(): class
pds.getName(): field1
pds.getName(): field2
pds.getName(): field3
pds.getName(): state
pds.getName(): systemConfig
pds.getName(): class
pds.getName(): field1
pds.getName(): field2
pds.getName(): field3
pds.getName(): state
pds.getName(): systemConfig
pds.getName(): class
pds.getName(): field1
pds.getName(): field2
pds.getName(): field3
pds.getName(): state
pds.getName(): systemConfig
pds.getName(): class
pds.getName(): field1
pds.getName(): field2
pds.getName(): field3
pds.getName(): state
pds.getName(): systemConfig
pds.getName(): class
pds.getName(): field1
pds.getName(): field2
pds.getName(): field3
pds.getName(): state
pds.getName(): systemConfig
pds.getName(): class
pds.getName(): field1
pds.getName(): field2
pds.getName(): field3
pds.getName(): state
pds.getName(): systemConfig
pds.getName(): class
pds.getName(): field1
pds.getName(): field2
pds.getName(): field3
pds.getName(): state
pds.getName(): systemConfig
pds.getName(): class
pds.getName(): field1
pds.getName(): field2
pds.getName(): field3
pds.getName(): state
pds.getName(): systemConfig
pds.getName(): class
pds.getName(): field1
pds.getName(): field2
pds.getName(): field3
pds.getName(): state
pds.getName(): systemConfig
pds.getName(): class
pds.getName(): field1
pds.getName(): field2
pds.getName(): field3
pds.getName(): state
pds.getName(): systemConfig
pds.getName(): class
pds.getName(): field1
pds.getName(): field2
pds.getName(): field3
pds.getName(): state
pds.getName(): systemConfig
pds.getName(): class
pds.getName(): field1
pds.getName(): field2
pds.getName(): field3
pds.getName(): state
pds.getName(): systemConfig
pds.getName(): class
pds.getName(): field1
pds.getName(): field2
pds.getName(): field3
pds.getName(): state
pds.getName(): systemConfig
pds.getName(): class
pds.getName(): field1
pds.getName(): field2
pds.getName(): field3
pds.getName(): state
pds.getName(): systemConfig
pds.getName(): class
pds.getName(): field1
pds.getName(): field2
pds.getName(): field3
pds.getName(): state
pds.getName(): systemConfig
pds.getName(): class
pds.getName(): field1
pds.getName(): field2
pds.getName(): field3
pds.getName(): state
pds.getName(): systemConfig
pds.getName(): class
pds.getName(): field1
pds.getName(): field2
pds.getName(): field3
pds.getName(): state
pds.getName(): systemConfig
pds.getName(): class
pds.getName(): field1
pds.getName(): field2
pds.getName(): field3
pds.getName(): state
pds.getName(): systemConfig
pds.getName(): class
pds.getName(): field1
pds.getName(): field2
pds.getName(): field3
pds.getName(): state
pds.getName(): systemConfig
pds.getName(): class
pds.getName(): field1
pds.getName(): field2
pds.getName(): field3
pds.getName(): state
pds.getName(): systemConfig
pds.getName(): class
pds.getName(): field1
pds.getName(): field2
pds.getName(): field3
pds.getName(): state
pds.getName(): systemConfig
pds.getName(): class
pds.getName(): field1
supercalss is: class java.lang.Object
pds.getName(): field2
supercalss is: class java.lang.Object
pds.getName(): field3
supercalss is: class java.lang.Object
pds.getName(): state
supercalss is: null
pds.getName(): systemConfig
supercalss is: class com.emoney.finance.emx.Config
pds.getName(): class
pds.getName(): field1
pds.getName(): field2
pds.getName(): field3
pds.getName(): state
pds.getName(): class
pds.getName(): field1
pds.getName(): field2
pds.getName(): field3
pds.getName(): state
pds.getName(): class
pds.getName(): field1
pds.getName(): field2
pds.getName(): field3
pds.getName(): state
pds.getName(): class
pds.getName(): field1
pds.getName(): field2
pds.getName(): field3
pds.getName(): state
pds.getName(): class
pds.getName(): field1
pds.getName(): field2
pds.getName(): field3
pds.getName(): state
pds.getName(): class
pds.getName(): field1
pds.getName(): field2
pds.getName(): field3
pds.getName(): state
pds.getName(): class
pds.getName(): field1
pds.getName(): field2
pds.getName(): field3
pds.getName(): state
pds.getName(): class
pds.getName(): field1
pds.getName(): field2
pds.getName(): field3
pds.getName(): state
pds.getName(): class
pds.getName(): field1
pds.getName(): field2
pds.getName(): field3
pds.getName(): state
pds.getName(): class
pds.getName(): field1
pds.getName(): field2
pds.getName(): field3
pds.getName(): state
pds.getName(): class
pds.getName(): field1
pds.getName(): field2
pds.getName(): field3
pds.getName(): state
pds.getName(): class
pds.getName(): field1
pds.getName(): field2
pds.getName(): field3
pds.getName(): state
pds.getName(): class
pds.getName(): field1
pds.getName(): field2
pds.getName(): field3
pds.getName(): state
pds.getName(): class
pds.getName(): field1
pds.getName(): field2
pds.getName(): field3
pds.getName(): state
pds.getName(): class
pds.getName(): field1
pds.getName(): field2
pds.getName(): field3
pds.getName(): state
pds.getName(): class
pds.getName(): field1
pds.getName(): field2
pds.getName(): field3
pds.getName(): state
pds.getName(): class
pds.getName(): field1
pds.getName(): field2
pds.getName(): field3
pds.getName(): state
pds.getName(): class
pds.getName(): field1
pds.getName(): field2
pds.getName(): field3
pds.getName(): state
pds.getName(): class
pds.getName(): field1
pds.getName(): field2
pds.getName(): field3
pds.getName(): state
pds.getName(): class
pds.getName(): field1
pds.getName(): field2
pds.getName(): field3
pds.getName(): state
pds.getName(): class
pds.getName(): field1
pds.getName(): field2
pds.getName(): field3
pds.getName(): state
pds.getName(): class
pds.getName(): field1
pds.getName(): field2
pds.getName(): field3
pds.getName(): state
pds.getName(): class
pds.getName(): field1
pds.getName(): field2
pds.getName(): field3
pds.getName(): state
pds.getName(): class
pds.getName(): field1
pds.getName(): field2
pds.getName(): field3
pds.getName(): state
pds.getName(): class
pds.getName(): field1
pds.getName(): field2
pds.getName(): field3
pds.getName(): state
pds.getName(): class
pds.getName(): field1
pds.getName(): field2
pds.getName(): field3
pds.getName(): state
pds.getName(): class
pds.getName(): field1
pds.getName(): field2
pds.getName(): field3
pds.getName(): state
pds.getName(): class
pds.getName(): field1
pds.getName(): field2
pds.getName(): field3
pds.getName(): state
pds.getName(): class
pds.getName(): field1
pds.getName(): field2
pds.getName(): field3
pds.getName(): state
pds.getName(): class
pds.getName(): field1
pds.getName(): field2
pds.getName(): field3
pds.getName(): state
pds.getName(): class
pds.getName(): field1
pds.getName(): field2
pds.getName(): field3
pds.getName(): state
pds.getName(): class
pds.getName(): field1
pds.getName(): field2
pds.getName(): field3
pds.getName(): state
pds.getName(): class
pds.getName(): field1
pds.getName(): field2
pds.getName(): field3
pds.getName(): state
pds.getName(): class
pds.getName(): field1
pds.getName(): field2
pds.getName(): field3
pds.getName(): state
pds.getName(): class
pds.getName(): field1
pds.getName(): field2
pds.getName(): field3
pds.getName(): state
pds.getName(): class
pds.getName(): field1
pds.getName(): field2
pds.getName(): field3
pds.getName(): state
pds.getName(): class
pds.getName(): field1
pds.getName(): field2
pds.getName(): field3
pds.getName(): state
pds.getName(): class
pds.getName(): field1
pds.getName(): field2
pds.getName(): field3
pds.getName(): state
pds.getName(): class
pds.getName(): field1
pds.getName(): field2
pds.getName(): field3
pds.getName(): state
pds.getName(): class
pds.getName(): field1
supercalss is: class java.lang.Object
pds.getName(): field2
supercalss is: class java.lang.Object
pds.getName(): field3
supercalss is: class java.lang.Object
pds.getName(): state
supercalss is: null
pds.getName(): state
supercalss is: null
pds.getName(): systemConfig
supercalss is: class com.emoney.finance.emx.Config
pds.getName(): class
pds.getName(): field1
pds.getName(): field2
pds.getName(): field3
pds.getName(): state
pds.getName(): class
pds.getName(): field1
pds.getName(): field2
pds.getName(): field3
pds.getName(): state
pds.getName(): class
pds.getName(): field1
pds.getName(): field2
pds.getName(): field3
pds.getName(): state
pds.getName(): class
pds.getName(): field1
pds.getName(): field2
pds.getName(): field3
pds.getName(): state
pds.getName(): class
pds.getName(): field1
pds.getName(): field2
pds.getName(): field3
pds.getName(): state
pds.getName(): class
pds.getName(): field1
pds.getName(): field2
pds.getName(): field3
pds.getName(): state
pds.getName(): class
pds.getName(): field1
pds.getName(): field2
pds.getName(): field3
pds.getName(): state
pds.getName(): class
pds.getName(): field1
pds.getName(): field2
pds.getName(): field3
pds.getName(): state
pds.getName(): class
pds.getName(): field1
pds.getName(): field2
pds.getName(): field3
pds.getName(): state
pds.getName(): class
pds.getName(): field1
pds.getName(): field2
pds.getName(): field3
pds.getName(): state
pds.getName(): class
pds.getName(): field1
pds.getName(): field2
pds.getName(): field3
pds.getName(): state
pds.getName(): class
pds.getName(): field1
pds.getName(): field2
pds.getName(): field3
pds.getName(): state
pds.getName(): class
pds.getName(): field1
pds.getName(): field2
pds.getName(): field3
pds.getName(): state
pds.getName(): class
pds.getName(): field1
pds.getName(): field2
pds.getName(): field3
pds.getName(): state
pds.getName(): class
pds.getName(): field1
pds.getName(): field2
pds.getName(): field3
pds.getName(): state
pds.getName(): class
pds.getName(): field1
pds.getName(): field2
pds.getName(): field3
pds.getName(): state
pds.getName(): class
pds.getName(): field1
pds.getName(): field2
pds.getName(): field3
pds.getName(): state
pds.getName(): class
pds.getName(): field1
pds.getName(): field2
pds.getName(): field3
pds.getName(): state
pds.getName(): class
pds.getName(): field1
pds.getName(): field2
pds.getName(): field3
pds.getName(): state
pds.getName(): class
pds.getName(): field1
pds.getName(): field2
pds.getName(): field3
pds.getName(): state
pds.getName(): class
pds.getName(): field1
pds.getName(): field2
pds.getName(): field3
pds.getName(): state
pds.getName(): class
pds.getName(): field1
pds.getName(): field2
pds.getName(): field3
pds.getName(): state
pds.getName(): class
pds.getName(): field1
pds.getName(): field2
pds.getName(): field3
pds.getName(): state
pds.getName(): class
pds.getName(): field1
pds.getName(): field2
pds.getName(): field3
pds.getName(): state
pds.getName(): class
pds.getName(): field1
pds.getName(): field2
pds.getName(): field3
pds.getName(): state
pds.getName(): class
pds.getName(): field1
pds.getName(): field2
pds.getName(): field3
pds.getName(): state
pds.getName(): class
pds.getName(): field1
pds.getName(): field2
pds.getName(): field3
pds.getName(): state
pds.getName(): class
pds.getName(): field1
pds.getName(): field2
pds.getName(): field3
pds.getName(): state
pds.getName(): class
pds.getName(): field1
pds.getName(): field2
pds.getName(): field3
pds.getName(): state
pds.getName(): class
pds.getName(): field1
pds.getName(): field2
pds.getName(): field3
pds.getName(): state
pds.getName(): class
pds.getName(): field1
pds.getName(): field2
pds.getName(): field3
pds.getName(): state
pds.getName(): class
pds.getName(): field1
pds.getName(): field2
pds.getName(): field3
pds.getName(): state
pds.getName(): class
pds.getName(): field1
pds.getName(): field2
pds.getName(): field3
pds.getName(): state
pds.getName(): class
pds.getName(): field1
pds.getName(): field2
pds.getName(): field3
pds.getName(): state
pds.getName(): class
pds.getName(): field1
pds.getName(): field2
pds.getName(): field3
pds.getName(): state
pds.getName(): class
pds.getName(): field1
pds.getName(): field2
pds.getName(): field3
pds.getName(): state
pds.getName(): class
pds.getName(): field1
pds.getName(): field2
pds.getName(): field3
pds.getName(): state
pds.getName(): class
pds.getName(): field1
pds.getName(): field2
pds.getName(): field3
pds.getName(): state
pds.getName(): class
pds.getName(): field1
pds.getName(): field2
pds.getName(): field3
pds.getName(): state
pds.getName(): class
pds.getName(): field1
supercalss is: class java.lang.Object
pds.getName(): field2
supercalss is: class java.lang.Object
pds.getName(): field3
supercalss is: class java.lang.Object
pds.getName(): state
supercalss is: null
]]></system-out>
  </testcase>
</testsuite>